running develop
/home/mohit/.local/lib/python3.10/site-packages/setuptools/command/develop.py:40: EasyInstallDeprecationWarning: easy_install command is deprecated.
!!

        ********************************************************************************
        Please avoid running ``setup.py`` and ``easy_install``.
        Instead, use pypa/build, pypa/installer or other
        standards-based tools.

        See https://github.com/pypa/setuptools/issues/917 for details.
        ********************************************************************************

!!
  easy_install.initialize_options(self)
/home/mohit/.local/lib/python3.10/site-packages/setuptools/_distutils/cmd.py:66: SetuptoolsDeprecationWarning: setup.py install is deprecated.
!!

        ********************************************************************************
        Please avoid running ``setup.py`` directly.
        Instead, use pypa/build, pypa/installer or other
        standards-based tools.

        See https://blog.ganssle.io/articles/2021/10/setup-py-deprecated.html for details.
        ********************************************************************************

!!
  self.initialize_options()
running egg_info
creating esp_pub.egg-info
writing esp_pub.egg-info/PKG-INFO
writing dependency_links to esp_pub.egg-info/dependency_links.txt
writing requirements to esp_pub.egg-info/requires.txt
writing top-level names to esp_pub.egg-info/top_level.txt
writing manifest file 'esp_pub.egg-info/SOURCES.txt'
reading manifest file 'esp_pub.egg-info/SOURCES.txt'
writing manifest file 'esp_pub.egg-info/SOURCES.txt'
running build_ext
Creating /home/mohit/eyrc_hb/ESP_CHECK/install/esp_pub/lib/python3.10/site-packages/esp-pub.egg-link (link to .)

Installed /home/mohit/eyrc_hb/ESP_CHECK/build/esp_pub
running install_data
creating /home/mohit/eyrc_hb/ESP_CHECK/install/esp_pub/share/ament_index
creating /home/mohit/eyrc_hb/ESP_CHECK/install/esp_pub/share/ament_index/resource_index
creating /home/mohit/eyrc_hb/ESP_CHECK/install/esp_pub/share/ament_index/resource_index/packages
copying resource/esp_pub -> /home/mohit/eyrc_hb/ESP_CHECK/install/esp_pub/share/ament_index/resource_index/packages
copying package.xml -> /home/mohit/eyrc_hb/ESP_CHECK/install/esp_pub/share/esp_pub
