[2.717s] Invoking command in '/home/mohit/eyrc_hb/ESP_CHECK/build/esp_pub': PYTHONPATH=/home/mohit/eyrc_hb/ESP_CHECK/build/esp_pub/prefix_override:/home/mohit/eyrc_hb/ESP_CHECK/install/esp_pub/lib/python3.10/site-packages:${PYTHONPATH} /usr/bin/python3 setup.py develop --editable --build-directory /home/mohit/eyrc_hb/ESP_CHECK/build/esp_pub/build --no-deps install_data
[3.071s] running develop
[3.312s] /home/mohit/.local/lib/python3.10/site-packages/setuptools/command/develop.py:40: EasyInstallDeprecationWarning: easy_install command is deprecated.
[3.313s] !!
[3.313s] 
[3.313s]         ********************************************************************************
[3.313s]         Please avoid running ``setup.py`` and ``easy_install``.
[3.313s]         Instead, use pypa/build, pypa/installer or other
[3.313s]         standards-based tools.
[3.313s] 
[3.313s]         See https://github.com/pypa/setuptools/issues/917 for details.
[3.314s]         ********************************************************************************
[3.314s] 
[3.314s] !!
[3.314s]   easy_install.initialize_options(self)
[3.434s] /home/mohit/.local/lib/python3.10/site-packages/setuptools/_distutils/cmd.py:66: SetuptoolsDeprecationWarning: setup.py install is deprecated.
[3.434s] !!
[3.434s] 
[3.434s]         ********************************************************************************
[3.434s]         Please avoid running ``setup.py`` directly.
[3.434s]         Instead, use pypa/build, pypa/installer or other
[3.434s]         standards-based tools.
[3.434s] 
[3.435s]         See https://blog.ganssle.io/articles/2021/10/setup-py-deprecated.html for details.
[3.435s]         ********************************************************************************
[3.435s] 
[3.435s] !!
[3.435s]   self.initialize_options()
[4.362s] running egg_info
[4.362s] creating esp_pub.egg-info
[4.380s] writing esp_pub.egg-info/PKG-INFO
[4.380s] writing dependency_links to esp_pub.egg-info/dependency_links.txt
[4.380s] writing requirements to esp_pub.egg-info/requires.txt
[4.380s] writing top-level names to esp_pub.egg-info/top_level.txt
[4.381s] writing manifest file 'esp_pub.egg-info/SOURCES.txt'
[4.416s] reading manifest file 'esp_pub.egg-info/SOURCES.txt'
[4.417s] writing manifest file 'esp_pub.egg-info/SOURCES.txt'
[4.435s] running build_ext
[4.435s] Creating /home/mohit/eyrc_hb/ESP_CHECK/install/esp_pub/lib/python3.10/site-packages/esp-pub.egg-link (link to .)
[4.436s] 
[4.436s] Installed /home/mohit/eyrc_hb/ESP_CHECK/build/esp_pub
[4.436s] running install_data
[4.436s] creating /home/mohit/eyrc_hb/ESP_CHECK/install/esp_pub/share/ament_index
[4.437s] creating /home/mohit/eyrc_hb/ESP_CHECK/install/esp_pub/share/ament_index/resource_index
[4.437s] creating /home/mohit/eyrc_hb/ESP_CHECK/install/esp_pub/share/ament_index/resource_index/packages
[4.437s] copying resource/esp_pub -> /home/mohit/eyrc_hb/ESP_CHECK/install/esp_pub/share/ament_index/resource_index/packages
[4.437s] copying package.xml -> /home/mohit/eyrc_hb/ESP_CHECK/install/esp_pub/share/esp_pub
[4.470s] Invoked command in '/home/mohit/eyrc_hb/ESP_CHECK/build/esp_pub' returned '0': PYTHONPATH=/home/mohit/eyrc_hb/ESP_CHECK/build/esp_pub/prefix_override:/home/mohit/eyrc_hb/ESP_CHECK/install/esp_pub/lib/python3.10/site-packages:${PYTHONPATH} /usr/bin/python3 setup.py develop --editable --build-directory /home/mohit/eyrc_hb/ESP_CHECK/build/esp_pub/build --no-deps install_data
