[0.761s] Invoking command in '/home/mohit/eyrc_hb/hb_task1a_ws/build/hb_task_1a': PYTHONPATH=/home/mohit/eyrc_hb/hb_task1a_ws/build/hb_task_1a/prefix_override:/home/mohit/eyrc_hb/hb_task1a_ws/install/hb_task_1a/lib/python3.10/site-packages:${PYTHONPATH} /usr/bin/python3 setup.py develop --editable --build-directory /home/mohit/eyrc_hb/hb_task1a_ws/build/hb_task_1a/build --no-deps install_data
[1.000s] running develop
[1.000s] /usr/lib/python3/dist-packages/setuptools/command/easy_install.py:158: EasyInstallDeprecationWarning: easy_install command is deprecated. Use build and pip and other standards-based tools.
[1.000s]   warnings.warn(
[1.002s] /usr/lib/python3/dist-packages/setuptools/command/install.py:34: SetuptoolsDeprecationWarning: setup.py install is deprecated. Use build and pip and other standards-based tools.
[1.002s]   warnings.warn(
[1.161s] running egg_info
[1.162s] creating hb_task_1a.egg-info
[1.162s] writing hb_task_1a.egg-info/PKG-INFO
[1.162s] writing dependency_links to hb_task_1a.egg-info/dependency_links.txt
[1.162s] writing entry points to hb_task_1a.egg-info/entry_points.txt
[1.162s] writing requirements to hb_task_1a.egg-info/requires.txt
[1.163s] writing top-level names to hb_task_1a.egg-info/top_level.txt
[1.163s] writing manifest file 'hb_task_1a.egg-info/SOURCES.txt'
[1.164s] reading manifest file 'hb_task_1a.egg-info/SOURCES.txt'
[1.165s] writing manifest file 'hb_task_1a.egg-info/SOURCES.txt'
[1.166s] running build_ext
[1.166s] Creating /home/mohit/eyrc_hb/hb_task1a_ws/install/hb_task_1a/lib/python3.10/site-packages/hb-task-1a.egg-link (link to .)
[1.167s] 
[1.167s] Installed /home/mohit/eyrc_hb/hb_task1a_ws/build/hb_task_1a
[1.167s] running install_data
[1.168s] creating /home/mohit/eyrc_hb/hb_task1a_ws/install/hb_task_1a/share/ament_index
[1.168s] creating /home/mohit/eyrc_hb/hb_task1a_ws/install/hb_task_1a/share/ament_index/resource_index
[1.168s] creating /home/mohit/eyrc_hb/hb_task1a_ws/install/hb_task_1a/share/ament_index/resource_index/packages
[1.168s] copying resource/hb_task_1a -> /home/mohit/eyrc_hb/hb_task1a_ws/install/hb_task_1a/share/ament_index/resource_index/packages
[1.168s] copying package.xml -> /home/mohit/eyrc_hb/hb_task1a_ws/install/hb_task_1a/share/hb_task_1a
[1.192s] Invoked command in '/home/mohit/eyrc_hb/hb_task1a_ws/build/hb_task_1a' returned '0': PYTHONPATH=/home/mohit/eyrc_hb/hb_task1a_ws/build/hb_task_1a/prefix_override:/home/mohit/eyrc_hb/hb_task1a_ws/install/hb_task_1a/lib/python3.10/site-packages:${PYTHONPATH} /usr/bin/python3 setup.py develop --editable --build-directory /home/mohit/eyrc_hb/hb_task1a_ws/build/hb_task_1a/build --no-deps install_data
