[2.709s] Invoking command in '/home/mohit/eyrc_hb/hb_task1a_ws/build/hb_task_1a': PYTHONPATH=/home/mohit/eyrc_hb/hb_task1a_ws/build/hb_task_1a/prefix_override:/home/mohit/eyrc_hb/hb_task1a_ws/install/hb_task_1a/lib/python3.10/site-packages:${PYTHONPATH} /usr/bin/python3 setup.py develop --editable --build-directory /home/mohit/eyrc_hb/hb_task1a_ws/build/hb_task_1a/build --no-deps install_data
[2.990s] running develop
[3.220s] /usr/lib/python3/dist-packages/setuptools/command/easy_install.py:158: EasyInstallDeprecationWarning: easy_install command is deprecated. Use build and pip and other standards-based tools.
[3.220s]   warnings.warn(
[3.277s] /usr/lib/python3/dist-packages/setuptools/command/install.py:34: SetuptoolsDeprecationWarning: setup.py install is deprecated. Use build and pip and other standards-based tools.
[3.277s]   warnings.warn(
[3.492s] /usr/lib/python3/dist-packages/pkg_resources/__init__.py:116: PkgResourcesDeprecationWarning: 11.4.1ubuntu1 is an invalid version and will not be supported in a future release
[3.492s]   warnings.warn(
[3.492s] /usr/lib/python3/dist-packages/pkg_resources/__init__.py:116: PkgResourcesDeprecationWarning: 2.22.1ubuntu1 is an invalid version and will not be supported in a future release
[3.493s]   warnings.warn(
[3.617s] running egg_info
[3.617s] writing hb_task_1a.egg-info/PKG-INFO
[3.618s] writing dependency_links to hb_task_1a.egg-info/dependency_links.txt
[3.618s] writing entry points to hb_task_1a.egg-info/entry_points.txt
[3.618s] writing requirements to hb_task_1a.egg-info/requires.txt
[3.618s] writing top-level names to hb_task_1a.egg-info/top_level.txt
[3.621s] reading manifest file 'hb_task_1a.egg-info/SOURCES.txt'
[3.675s] writing manifest file 'hb_task_1a.egg-info/SOURCES.txt'
[3.677s] running build_ext
[3.677s] Creating /home/mohit/eyrc_hb/hb_task1a_ws/install/hb_task_1a/lib/python3.10/site-packages/hb-task-1a.egg-link (link to .)
[3.678s] Installing draw_snowman script to /home/mohit/eyrc_hb/hb_task1a_ws/install/hb_task_1a/lib/hb_task_1a
[3.678s] 
[3.678s] Installed /home/mohit/eyrc_hb/hb_task1a_ws/build/hb_task_1a
[3.678s] running install_data
[3.706s] Invoked command in '/home/mohit/eyrc_hb/hb_task1a_ws/build/hb_task_1a' returned '0': PYTHONPATH=/home/mohit/eyrc_hb/hb_task1a_ws/build/hb_task_1a/prefix_override:/home/mohit/eyrc_hb/hb_task1a_ws/install/hb_task_1a/lib/python3.10/site-packages:${PYTHONPATH} /usr/bin/python3 setup.py develop --editable --build-directory /home/mohit/eyrc_hb/hb_task1a_ws/build/hb_task_1a/build --no-deps install_data
