[1.393s] Invoking command in '/home/mohit/eyrc_hb/hb_task1a_ws/build/hb_task_1a': PYTHONPATH=/home/mohit/eyrc_hb/hb_task1a_ws/build/hb_task_1a/prefix_override:/home/mohit/eyrc_hb/hb_task1a_ws/install/hb_task_1a/lib/python3.10/site-packages:${PYTHONPATH} /usr/bin/python3 setup.py develop --editable --build-directory /home/mohit/eyrc_hb/hb_task1a_ws/build/hb_task_1a/build --no-deps install_data
[1.804s] running develop
[1.805s] /usr/lib/python3/dist-packages/setuptools/command/easy_install.py:158: EasyInstallDeprecationWarning: easy_install command is deprecated. Use build and pip and other standards-based tools.
[1.805s]   warnings.warn(
[1.807s] /usr/lib/python3/dist-packages/setuptools/command/install.py:34: SetuptoolsDeprecationWarning: setup.py install is deprecated. Use build and pip and other standards-based tools.
[1.807s]   warnings.warn(
[1.911s] /usr/lib/python3/dist-packages/pkg_resources/__init__.py:116: PkgResourcesDeprecationWarning: 11.4.1ubuntu1 is an invalid version and will not be supported in a future release
[1.911s]   warnings.warn(
[1.911s] /usr/lib/python3/dist-packages/pkg_resources/__init__.py:116: PkgResourcesDeprecationWarning: 2.22.1ubuntu1 is an invalid version and will not be supported in a future release
[1.912s]   warnings.warn(
[2.093s] running egg_info
[2.094s] writing hb_task_1a.egg-info/PKG-INFO
[2.094s] writing dependency_links to hb_task_1a.egg-info/dependency_links.txt
[2.094s] writing entry points to hb_task_1a.egg-info/entry_points.txt
[2.094s] writing requirements to hb_task_1a.egg-info/requires.txt
[2.094s] writing top-level names to hb_task_1a.egg-info/top_level.txt
[2.099s] reading manifest file 'hb_task_1a.egg-info/SOURCES.txt'
[2.100s] writing manifest file 'hb_task_1a.egg-info/SOURCES.txt'
[2.102s] running build_ext
[2.102s] Creating /home/mohit/eyrc_hb/hb_task1a_ws/install/hb_task_1a/lib/python3.10/site-packages/hb-task-1a.egg-link (link to .)
[2.103s] Installing draw_snowman script to /home/mohit/eyrc_hb/hb_task1a_ws/install/hb_task_1a/lib/hb_task_1a
[2.135s] 
[2.135s] Installed /home/mohit/eyrc_hb/hb_task1a_ws/build/hb_task_1a
[2.135s] running install_data
[2.181s] Invoked command in '/home/mohit/eyrc_hb/hb_task1a_ws/build/hb_task_1a' returned '0': PYTHONPATH=/home/mohit/eyrc_hb/hb_task1a_ws/build/hb_task_1a/prefix_override:/home/mohit/eyrc_hb/hb_task1a_ws/install/hb_task_1a/lib/python3.10/site-packages:${PYTHONPATH} /usr/bin/python3 setup.py develop --editable --build-directory /home/mohit/eyrc_hb/hb_task1a_ws/build/hb_task_1a/build --no-deps install_data
