[0.849s] Invoking command in '/home/mohit/eyrc_hb/hb_task1a_ws/build/hb_task_1a': PYTHONPATH=/home/mohit/eyrc_hb/hb_task1a_ws/build/hb_task_1a/prefix_override:/home/mohit/eyrc_hb/hb_task1a_ws/install/hb_task_1a/lib/python3.10/site-packages:${PYTHONPATH} /usr/bin/python3 setup.py develop --editable --build-directory /home/mohit/eyrc_hb/hb_task1a_ws/build/hb_task_1a/build --no-deps install_data
[1.133s] running develop
[1.133s] /usr/lib/python3/dist-packages/setuptools/command/easy_install.py:158: EasyInstallDeprecationWarning: easy_install command is deprecated. Use build and pip and other standards-based tools.
[1.133s]   warnings.warn(
[1.135s] /usr/lib/python3/dist-packages/setuptools/command/install.py:34: SetuptoolsDeprecationWarning: setup.py install is deprecated. Use build and pip and other standards-based tools.
[1.135s]   warnings.warn(
[1.310s] running egg_info
[1.310s] writing hb_task_1a.egg-info/PKG-INFO
[1.310s] writing dependency_links to hb_task_1a.egg-info/dependency_links.txt
[1.311s] writing entry points to hb_task_1a.egg-info/entry_points.txt
[1.311s] writing requirements to hb_task_1a.egg-info/requires.txt
[1.311s] writing top-level names to hb_task_1a.egg-info/top_level.txt
[1.313s] reading manifest file 'hb_task_1a.egg-info/SOURCES.txt'
[1.313s] writing manifest file 'hb_task_1a.egg-info/SOURCES.txt'
[1.315s] running build_ext
[1.315s] Creating /home/mohit/eyrc_hb/hb_task1a_ws/install/hb_task_1a/lib/python3.10/site-packages/hb-task-1a.egg-link (link to .)
[1.316s] Installing draw_snowman script to /home/mohit/eyrc_hb/hb_task1a_ws/install/hb_task_1a/lib/hb_task_1a
[1.317s] 
[1.317s] Installed /home/mohit/eyrc_hb/hb_task1a_ws/build/hb_task_1a
[1.317s] running install_data
[1.354s] Invoked command in '/home/mohit/eyrc_hb/hb_task1a_ws/build/hb_task_1a' returned '0': PYTHONPATH=/home/mohit/eyrc_hb/hb_task1a_ws/build/hb_task_1a/prefix_override:/home/mohit/eyrc_hb/hb_task1a_ws/install/hb_task_1a/lib/python3.10/site-packages:${PYTHONPATH} /usr/bin/python3 setup.py develop --editable --build-directory /home/mohit/eyrc_hb/hb_task1a_ws/build/hb_task_1a/build --no-deps install_data
