[2.098s] Invoking command in '/home/mohit/eyrc_hb/hb_task1a_ws/build/hb_task_1a': PYTHONPATH=/home/mohit/eyrc_hb/hb_task1a_ws/build/hb_task_1a/prefix_override:/home/mohit/eyrc_hb/hb_task1a_ws/install/hb_task_1a/lib/python3.10/site-packages:${PYTHONPATH} /usr/bin/python3 setup.py develop --editable --build-directory /home/mohit/eyrc_hb/hb_task1a_ws/build/hb_task_1a/build --no-deps install_data
[2.338s] running develop
[2.373s] /usr/lib/python3/dist-packages/setuptools/command/easy_install.py:158: EasyInstallDeprecationWarning: easy_install command is deprecated. Use build and pip and other standards-based tools.
[2.373s]   warnings.warn(
[2.386s] /usr/lib/python3/dist-packages/setuptools/command/install.py:34: SetuptoolsDeprecationWarning: setup.py install is deprecated. Use build and pip and other standards-based tools.
[2.386s]   warnings.warn(
[2.549s] running egg_info
[2.549s] writing hb_task_1a.egg-info/PKG-INFO
[2.550s] writing dependency_links to hb_task_1a.egg-info/dependency_links.txt
[2.550s] writing entry points to hb_task_1a.egg-info/entry_points.txt
[2.550s] writing requirements to hb_task_1a.egg-info/requires.txt
[2.551s] writing top-level names to hb_task_1a.egg-info/top_level.txt
[2.552s] reading manifest file 'hb_task_1a.egg-info/SOURCES.txt'
[2.553s] writing manifest file 'hb_task_1a.egg-info/SOURCES.txt'
[2.554s] running build_ext
[2.554s] Creating /home/mohit/eyrc_hb/hb_task1a_ws/install/hb_task_1a/lib/python3.10/site-packages/hb-task-1a.egg-link (link to .)
[2.555s] Installing draw_snowman script to /home/mohit/eyrc_hb/hb_task1a_ws/install/hb_task_1a/lib/hb_task_1a
[2.555s] 
[2.555s] Installed /home/mohit/eyrc_hb/hb_task1a_ws/build/hb_task_1a
[2.556s] running install_data
[2.556s] copying package.xml -> /home/mohit/eyrc_hb/hb_task1a_ws/install/hb_task_1a/share/hb_task_1a
[2.582s] Invoked command in '/home/mohit/eyrc_hb/hb_task1a_ws/build/hb_task_1a' returned '0': PYTHONPATH=/home/mohit/eyrc_hb/hb_task1a_ws/build/hb_task_1a/prefix_override:/home/mohit/eyrc_hb/hb_task1a_ws/install/hb_task_1a/lib/python3.10/site-packages:${PYTHONPATH} /usr/bin/python3 setup.py develop --editable --build-directory /home/mohit/eyrc_hb/hb_task1a_ws/build/hb_task_1a/build --no-deps install_data
