[1.148s] Invoking command in '/home/mohit/eyrc_hb/ESP_CHECK/build/esp_pub': PYTHONPATH=/home/mohit/eyrc_hb/ESP_CHECK/build/esp_pub/prefix_override:/home/mohit/eyrc_hb/ESP_CHECK/install/esp_pub/lib/python3.10/site-packages:${PYTHONPATH} /usr/bin/python3 setup.py develop --editable --build-directory /home/mohit/eyrc_hb/ESP_CHECK/build/esp_pub/build --no-deps install_data
[1.503s] running develop
[1.503s] /home/mohit/.local/lib/python3.10/site-packages/setuptools/command/develop.py:40: EasyInstallDeprecationWarning: easy_install command is deprecated.
[1.503s] !!
[1.504s] 
[1.504s]         ********************************************************************************
[1.504s]         Please avoid running ``setup.py`` and ``easy_install``.
[1.504s]         Instead, use pypa/build, pypa/installer or other
[1.504s]         standards-based tools.
[1.504s] 
[1.504s]         See https://github.com/pypa/setuptools/issues/917 for details.
[1.504s]         ********************************************************************************
[1.504s] 
[1.504s] !!
[1.504s]   easy_install.initialize_options(self)
[1.540s] /home/mohit/.local/lib/python3.10/site-packages/setuptools/_distutils/cmd.py:66: SetuptoolsDeprecationWarning: setup.py install is deprecated.
[1.540s] !!
[1.540s] 
[1.540s]         ********************************************************************************
[1.540s]         Please avoid running ``setup.py`` directly.
[1.540s]         Instead, use pypa/build, pypa/installer or other
[1.540s]         standards-based tools.
[1.541s] 
[1.541s]         See https://blog.ganssle.io/articles/2021/10/setup-py-deprecated.html for details.
[1.541s]         ********************************************************************************
[1.541s] 
[1.541s] !!
[1.541s]   self.initialize_options()
[1.757s] running egg_info
[1.775s] writing esp_pub.egg-info/PKG-INFO
[1.775s] writing dependency_links to esp_pub.egg-info/dependency_links.txt
[1.776s] writing entry points to esp_pub.egg-info/entry_points.txt
[1.776s] writing requirements to esp_pub.egg-info/requires.txt
[1.776s] writing top-level names to esp_pub.egg-info/top_level.txt
[1.813s] reading manifest file 'esp_pub.egg-info/SOURCES.txt'
[1.813s] writing manifest file 'esp_pub.egg-info/SOURCES.txt'
[1.833s] running build_ext
[1.833s] Creating /home/mohit/eyrc_hb/ESP_CHECK/install/esp_pub/lib/python3.10/site-packages/esp-pub.egg-link (link to .)
[1.834s] Installing esp_check script to /home/mohit/eyrc_hb/ESP_CHECK/install/esp_pub/lib/esp_pub
[1.834s] 
[1.834s] Installed /home/mohit/eyrc_hb/ESP_CHECK/build/esp_pub
[1.835s] running install_data
[1.866s] Invoked command in '/home/mohit/eyrc_hb/ESP_CHECK/build/esp_pub' returned '0': PYTHONPATH=/home/mohit/eyrc_hb/ESP_CHECK/build/esp_pub/prefix_override:/home/mohit/eyrc_hb/ESP_CHECK/install/esp_pub/lib/python3.10/site-packages:${PYTHONPATH} /usr/bin/python3 setup.py develop --editable --build-directory /home/mohit/eyrc_hb/ESP_CHECK/build/esp_pub/build --no-deps install_data
