[1.728s] DEBUG:colcon:Command line arguments: ['/usr/bin/colcon', 'list', '-p', '--base-paths', '/home/mohit/eyrc_hb/ESP_CHECK']
[1.728s] DEBUG:colcon:Parsed command line arguments: Namespace(log_base=None, log_level=None, verb_name='list', build_base='build', ignore_user_meta=False, metas=['./colcon.meta'], base_paths=['/home/mohit/eyrc_hb/ESP_CHECK'], packages_ignore=None, packages_ignore_regex=None, paths=None, packages_up_to=None, packages_up_to_regex=None, packages_above=None, packages_above_and_dependencies=None, packages_above_depth=None, packages_select_by_dep=None, packages_skip_by_dep=None, packages_skip_up_to=None, packages_select_build_failed=False, packages_skip_build_finished=False, packages_select_test_failures=False, packages_skip_test_passed=False, packages_select=None, packages_skip=None, packages_select_regex=None, packages_skip_regex=None, packages_start=None, packages_end=None, allow_overriding=[], topological_order=False, names_only=False, paths_only=True, topological_graph=False, topological_graph_dot=False, topological_graph_density=False, topological_graph_legend=False, topological_graph_dot_cluster=False, topological_graph_dot_include_skipped=False, verb_parser=<colcon_defaults.argument_parser.defaults.DefaultArgumentsDecorator object at 0x7fe67da64520>, verb_extension=<colcon_package_information.verb.list.ListVerb object at 0x7fe67da87490>, main=<bound method ListVerb.main of <colcon_package_information.verb.list.ListVerb object at 0x7fe67da87490>>)
[1.795s] Level 1:colcon.colcon_core.package_discovery:discover_packages(colcon_meta) check parameters
[1.795s] Level 1:colcon.colcon_core.package_discovery:discover_packages(recursive) check parameters
[1.795s] Level 1:colcon.colcon_core.package_discovery:discover_packages(ignore) check parameters
[1.795s] Level 1:colcon.colcon_core.package_discovery:discover_packages(path) check parameters
[1.795s] Level 1:colcon.colcon_core.package_discovery:discover_packages(recursive) discover
[1.795s] INFO:colcon.colcon_core.package_discovery:Crawling recursively for packages in '/home/mohit/eyrc_hb/ESP_CHECK'
[1.795s] Level 1:colcon.colcon_core.package_identification:_identify(/home/mohit/eyrc_hb/ESP_CHECK) by extensions ['ignore', 'ignore_ament_install']
[1.795s] Level 1:colcon.colcon_core.package_identification:_identify(/home/mohit/eyrc_hb/ESP_CHECK) by extension 'ignore'
[1.795s] Level 1:colcon.colcon_core.package_identification:_identify(/home/mohit/eyrc_hb/ESP_CHECK) by extension 'ignore_ament_install'
[1.795s] Level 1:colcon.colcon_core.package_identification:_identify(/home/mohit/eyrc_hb/ESP_CHECK) by extensions ['colcon_pkg']
[1.796s] Level 1:colcon.colcon_core.package_identification:_identify(/home/mohit/eyrc_hb/ESP_CHECK) by extension 'colcon_pkg'
[1.796s] Level 1:colcon.colcon_core.package_identification:_identify(/home/mohit/eyrc_hb/ESP_CHECK) by extensions ['colcon_meta']
[1.796s] Level 1:colcon.colcon_core.package_identification:_identify(/home/mohit/eyrc_hb/ESP_CHECK) by extension 'colcon_meta'
[1.796s] Level 1:colcon.colcon_core.package_identification:_identify(/home/mohit/eyrc_hb/ESP_CHECK) by extensions ['ros']
[1.796s] Level 1:colcon.colcon_core.package_identification:_identify(/home/mohit/eyrc_hb/ESP_CHECK) by extension 'ros'
[1.810s] Level 1:colcon.colcon_core.package_identification:_identify(/home/mohit/eyrc_hb/ESP_CHECK) by extensions ['cmake', 'python']
[1.810s] Level 1:colcon.colcon_core.package_identification:_identify(/home/mohit/eyrc_hb/ESP_CHECK) by extension 'cmake'
[1.810s] Level 1:colcon.colcon_core.package_identification:_identify(/home/mohit/eyrc_hb/ESP_CHECK) by extension 'python'
[1.810s] Level 1:colcon.colcon_core.package_identification:_identify(/home/mohit/eyrc_hb/ESP_CHECK) by extensions ['python_setup_py']
[1.810s] Level 1:colcon.colcon_core.package_identification:_identify(/home/mohit/eyrc_hb/ESP_CHECK) by extension 'python_setup_py'
[1.810s] Level 1:colcon.colcon_core.package_identification:_identify(/home/mohit/eyrc_hb/ESP_CHECK/build) by extensions ['ignore', 'ignore_ament_install']
[1.810s] Level 1:colcon.colcon_core.package_identification:_identify(/home/mohit/eyrc_hb/ESP_CHECK/build) by extension 'ignore'
[1.810s] Level 1:colcon.colcon_core.package_identification:_identify(/home/mohit/eyrc_hb/ESP_CHECK/build) ignored
[1.810s] Level 1:colcon.colcon_core.package_identification:_identify(/home/mohit/eyrc_hb/ESP_CHECK/install) by extensions ['ignore', 'ignore_ament_install']
[1.811s] Level 1:colcon.colcon_core.package_identification:_identify(/home/mohit/eyrc_hb/ESP_CHECK/install) by extension 'ignore'
[1.811s] Level 1:colcon.colcon_core.package_identification:_identify(/home/mohit/eyrc_hb/ESP_CHECK/install) ignored
[1.811s] Level 1:colcon.colcon_core.package_identification:_identify(/home/mohit/eyrc_hb/ESP_CHECK/log) by extensions ['ignore', 'ignore_ament_install']
[1.811s] Level 1:colcon.colcon_core.package_identification:_identify(/home/mohit/eyrc_hb/ESP_CHECK/log) by extension 'ignore'
[1.811s] Level 1:colcon.colcon_core.package_identification:_identify(/home/mohit/eyrc_hb/ESP_CHECK/log) ignored
[1.811s] Level 1:colcon.colcon_core.package_identification:_identify(/home/mohit/eyrc_hb/ESP_CHECK/src) by extensions ['ignore', 'ignore_ament_install']
[1.811s] Level 1:colcon.colcon_core.package_identification:_identify(/home/mohit/eyrc_hb/ESP_CHECK/src) by extension 'ignore'
[1.811s] Level 1:colcon.colcon_core.package_identification:_identify(/home/mohit/eyrc_hb/ESP_CHECK/src) by extension 'ignore_ament_install'
[1.811s] Level 1:colcon.colcon_core.package_identification:_identify(/home/mohit/eyrc_hb/ESP_CHECK/src) by extensions ['colcon_pkg']
[1.811s] Level 1:colcon.colcon_core.package_identification:_identify(/home/mohit/eyrc_hb/ESP_CHECK/src) by extension 'colcon_pkg'
[1.811s] Level 1:colcon.colcon_core.package_identification:_identify(/home/mohit/eyrc_hb/ESP_CHECK/src) by extensions ['colcon_meta']
[1.811s] Level 1:colcon.colcon_core.package_identification:_identify(/home/mohit/eyrc_hb/ESP_CHECK/src) by extension 'colcon_meta'
[1.811s] Level 1:colcon.colcon_core.package_identification:_identify(/home/mohit/eyrc_hb/ESP_CHECK/src) by extensions ['ros']
[1.811s] Level 1:colcon.colcon_core.package_identification:_identify(/home/mohit/eyrc_hb/ESP_CHECK/src) by extension 'ros'
[1.812s] Level 1:colcon.colcon_core.package_identification:_identify(/home/mohit/eyrc_hb/ESP_CHECK/src) by extensions ['cmake', 'python']
[1.812s] Level 1:colcon.colcon_core.package_identification:_identify(/home/mohit/eyrc_hb/ESP_CHECK/src) by extension 'cmake'
[1.812s] Level 1:colcon.colcon_core.package_identification:_identify(/home/mohit/eyrc_hb/ESP_CHECK/src) by extension 'python'
[1.812s] Level 1:colcon.colcon_core.package_identification:_identify(/home/mohit/eyrc_hb/ESP_CHECK/src) by extensions ['python_setup_py']
[1.812s] Level 1:colcon.colcon_core.package_identification:_identify(/home/mohit/eyrc_hb/ESP_CHECK/src) by extension 'python_setup_py'
[1.812s] Level 1:colcon.colcon_core.package_identification:_identify(/home/mohit/eyrc_hb/ESP_CHECK/src/esp_pub) by extensions ['ignore', 'ignore_ament_install']
[1.812s] Level 1:colcon.colcon_core.package_identification:_identify(/home/mohit/eyrc_hb/ESP_CHECK/src/esp_pub) by extension 'ignore'
[1.812s] Level 1:colcon.colcon_core.package_identification:_identify(/home/mohit/eyrc_hb/ESP_CHECK/src/esp_pub) by extension 'ignore_ament_install'
[1.812s] Level 1:colcon.colcon_core.package_identification:_identify(/home/mohit/eyrc_hb/ESP_CHECK/src/esp_pub) by extensions ['colcon_pkg']
[1.812s] Level 1:colcon.colcon_core.package_identification:_identify(/home/mohit/eyrc_hb/ESP_CHECK/src/esp_pub) by extension 'colcon_pkg'
[1.812s] Level 1:colcon.colcon_core.package_identification:_identify(/home/mohit/eyrc_hb/ESP_CHECK/src/esp_pub) by extensions ['colcon_meta']
[1.812s] Level 1:colcon.colcon_core.package_identification:_identify(/home/mohit/eyrc_hb/ESP_CHECK/src/esp_pub) by extension 'colcon_meta'
[1.812s] Level 1:colcon.colcon_core.package_identification:_identify(/home/mohit/eyrc_hb/ESP_CHECK/src/esp_pub) by extensions ['ros']
[1.812s] Level 1:colcon.colcon_core.package_identification:_identify(/home/mohit/eyrc_hb/ESP_CHECK/src/esp_pub) by extension 'ros'
[1.814s] DEBUG:colcon.colcon_core.package_identification:Package '/home/mohit/eyrc_hb/ESP_CHECK/src/esp_pub' with type 'ros.ament_python' and name 'esp_pub'
[1.814s] Level 1:colcon.colcon_core.package_identification:_identify(/home/mohit/eyrc_hb/ESP_CHECK/src/log) by extensions ['ignore', 'ignore_ament_install']
[1.815s] Level 1:colcon.colcon_core.package_identification:_identify(/home/mohit/eyrc_hb/ESP_CHECK/src/log) by extension 'ignore'
[1.815s] Level 1:colcon.colcon_core.package_identification:_identify(/home/mohit/eyrc_hb/ESP_CHECK/src/log) ignored
[1.815s] Level 1:colcon.colcon_core.package_discovery:discover_packages(recursive) using defaults
