[1.160s] DEBUG:colcon:Command line arguments: ['/usr/bin/colcon', 'build', '--symlink-install']
[1.160s] DEBUG:colcon:Parsed command line arguments: Namespace(log_base=None, log_level=None, verb_name='build', build_base='build', install_base='install', merge_install=False, symlink_install=True, test_result_base=None, continue_on_error=False, executor='parallel', parallel_workers=8, event_handlers=None, ignore_user_meta=False, metas=['./colcon.meta'], base_paths=['.'], packages_ignore=None, packages_ignore_regex=None, paths=None, packages_up_to=None, packages_up_to_regex=None, packages_above=None, packages_above_and_dependencies=None, packages_above_depth=None, packages_select_by_dep=None, packages_skip_by_dep=None, packages_skip_up_to=None, packages_select_build_failed=False, packages_skip_build_finished=False, packages_select_test_failures=False, packages_skip_test_passed=False, packages_select=None, packages_skip=None, packages_select_regex=None, packages_skip_regex=None, packages_start=None, packages_end=None, allow_overriding=[], cmake_args=None, cmake_target=None, cmake_target_skip_unavailable=False, cmake_clean_cache=False, cmake_clean_first=False, cmake_force_configure=False, ament_cmake_args=None, catkin_cmake_args=None, catkin_skip_building_tests=False, verb_parser=<colcon_defaults.argument_parser.defaults.DefaultArgumentsDecorator object at 0x7fcecda5b0a0>, verb_extension=<colcon_core.verb.build.BuildVerb object at 0x7fcecda5a4a0>, main=<bound method BuildVerb.main of <colcon_core.verb.build.BuildVerb object at 0x7fcecda5a4a0>>)
[1.220s] Level 1:colcon.colcon_core.package_discovery:discover_packages(colcon_meta) check parameters
[1.220s] Level 1:colcon.colcon_core.package_discovery:discover_packages(recursive) check parameters
[1.220s] Level 1:colcon.colcon_core.package_discovery:discover_packages(ignore) check parameters
[1.221s] Level 1:colcon.colcon_core.package_discovery:discover_packages(path) check parameters
[1.221s] Level 1:colcon.colcon_core.package_discovery:discover_packages(colcon_meta) discover
[1.221s] Level 1:colcon.colcon_core.package_discovery:discover_packages(recursive) discover
[1.221s] INFO:colcon.colcon_core.package_discovery:Crawling recursively for packages in '/home/mohit/eyrc_hb/ESP_CHECK'
[1.221s] Level 1:colcon.colcon_core.package_identification:_identify(.) by extensions ['ignore', 'ignore_ament_install']
[1.221s] Level 1:colcon.colcon_core.package_identification:_identify(.) by extension 'ignore'
[1.221s] Level 1:colcon.colcon_core.package_identification:_identify(.) by extension 'ignore_ament_install'
[1.221s] Level 1:colcon.colcon_core.package_identification:_identify(.) by extensions ['colcon_pkg']
[1.221s] Level 1:colcon.colcon_core.package_identification:_identify(.) by extension 'colcon_pkg'
[1.221s] Level 1:colcon.colcon_core.package_identification:_identify(.) by extensions ['colcon_meta']
[1.221s] Level 1:colcon.colcon_core.package_identification:_identify(.) by extension 'colcon_meta'
[1.221s] Level 1:colcon.colcon_core.package_identification:_identify(.) by extensions ['ros']
[1.221s] Level 1:colcon.colcon_core.package_identification:_identify(.) by extension 'ros'
[1.235s] Level 1:colcon.colcon_core.package_identification:_identify(.) by extensions ['cmake', 'python']
[1.235s] Level 1:colcon.colcon_core.package_identification:_identify(.) by extension 'cmake'
[1.235s] Level 1:colcon.colcon_core.package_identification:_identify(.) by extension 'python'
[1.235s] Level 1:colcon.colcon_core.package_identification:_identify(.) by extensions ['python_setup_py']
[1.235s] Level 1:colcon.colcon_core.package_identification:_identify(.) by extension 'python_setup_py'
[1.235s] Level 1:colcon.colcon_core.package_identification:_identify(build) by extensions ['ignore', 'ignore_ament_install']
[1.235s] Level 1:colcon.colcon_core.package_identification:_identify(build) by extension 'ignore'
[1.235s] Level 1:colcon.colcon_core.package_identification:_identify(build) ignored
[1.235s] Level 1:colcon.colcon_core.package_identification:_identify(install) by extensions ['ignore', 'ignore_ament_install']
[1.236s] Level 1:colcon.colcon_core.package_identification:_identify(install) by extension 'ignore'
[1.236s] Level 1:colcon.colcon_core.package_identification:_identify(install) ignored
[1.236s] Level 1:colcon.colcon_core.package_identification:_identify(log) by extensions ['ignore', 'ignore_ament_install']
[1.236s] Level 1:colcon.colcon_core.package_identification:_identify(log) by extension 'ignore'
[1.236s] Level 1:colcon.colcon_core.package_identification:_identify(log) ignored
[1.236s] Level 1:colcon.colcon_core.package_identification:_identify(src) by extensions ['ignore', 'ignore_ament_install']
[1.236s] Level 1:colcon.colcon_core.package_identification:_identify(src) by extension 'ignore'
[1.236s] Level 1:colcon.colcon_core.package_identification:_identify(src) by extension 'ignore_ament_install'
[1.236s] Level 1:colcon.colcon_core.package_identification:_identify(src) by extensions ['colcon_pkg']
[1.236s] Level 1:colcon.colcon_core.package_identification:_identify(src) by extension 'colcon_pkg'
[1.236s] Level 1:colcon.colcon_core.package_identification:_identify(src) by extensions ['colcon_meta']
[1.236s] Level 1:colcon.colcon_core.package_identification:_identify(src) by extension 'colcon_meta'
[1.236s] Level 1:colcon.colcon_core.package_identification:_identify(src) by extensions ['ros']
[1.236s] Level 1:colcon.colcon_core.package_identification:_identify(src) by extension 'ros'
[1.236s] Level 1:colcon.colcon_core.package_identification:_identify(src) by extensions ['cmake', 'python']
[1.236s] Level 1:colcon.colcon_core.package_identification:_identify(src) by extension 'cmake'
[1.237s] Level 1:colcon.colcon_core.package_identification:_identify(src) by extension 'python'
[1.237s] Level 1:colcon.colcon_core.package_identification:_identify(src) by extensions ['python_setup_py']
[1.237s] Level 1:colcon.colcon_core.package_identification:_identify(src) by extension 'python_setup_py'
[1.237s] Level 1:colcon.colcon_core.package_identification:_identify(src/esp_pub) by extensions ['ignore', 'ignore_ament_install']
[1.237s] Level 1:colcon.colcon_core.package_identification:_identify(src/esp_pub) by extension 'ignore'
[1.237s] Level 1:colcon.colcon_core.package_identification:_identify(src/esp_pub) by extension 'ignore_ament_install'
[1.237s] Level 1:colcon.colcon_core.package_identification:_identify(src/esp_pub) by extensions ['colcon_pkg']
[1.237s] Level 1:colcon.colcon_core.package_identification:_identify(src/esp_pub) by extension 'colcon_pkg'
[1.237s] Level 1:colcon.colcon_core.package_identification:_identify(src/esp_pub) by extensions ['colcon_meta']
[1.237s] Level 1:colcon.colcon_core.package_identification:_identify(src/esp_pub) by extension 'colcon_meta'
[1.237s] Level 1:colcon.colcon_core.package_identification:_identify(src/esp_pub) by extensions ['ros']
[1.237s] Level 1:colcon.colcon_core.package_identification:_identify(src/esp_pub) by extension 'ros'
[1.239s] DEBUG:colcon.colcon_core.package_identification:Package 'src/esp_pub' with type 'ros.ament_python' and name 'esp_pub'
[1.239s] Level 1:colcon.colcon_core.package_identification:_identify(src/log) by extensions ['ignore', 'ignore_ament_install']
[1.239s] Level 1:colcon.colcon_core.package_identification:_identify(src/log) by extension 'ignore'
[1.239s] Level 1:colcon.colcon_core.package_identification:_identify(src/log) ignored
[1.240s] Level 1:colcon.colcon_core.package_discovery:discover_packages(recursive) using defaults
[1.240s] Level 1:colcon.colcon_core.package_discovery:discover_packages(ignore) discover
[1.240s] Level 1:colcon.colcon_core.package_discovery:discover_packages(ignore) using defaults
[1.240s] Level 1:colcon.colcon_core.package_discovery:discover_packages(path) discover
[1.240s] Level 1:colcon.colcon_core.package_discovery:discover_packages(path) using defaults
[1.344s] Level 1:colcon.colcon_core.package_discovery:discover_packages(prefix_path) check parameters
[1.345s] Level 1:colcon.colcon_core.package_discovery:discover_packages(prefix_path) discover
[1.380s] DEBUG:colcon.colcon_installed_package_information.package_discovery:Found 3 installed packages in /home/mohit/microros_ws/install
[1.398s] DEBUG:colcon.colcon_installed_package_information.package_discovery:Found 5 installed packages in /home/mohit/eyrc_hb/hb_task_2_ws/install
[1.414s] DEBUG:colcon.colcon_installed_package_information.package_discovery:Found 2 installed packages in /home/mohit/eyrc_hb/hb_task1b_ws/install
[1.432s] DEBUG:colcon.colcon_installed_package_information.package_discovery:Found 288 installed packages in /opt/ros/humble
[1.433s] Level 1:colcon.colcon_core.package_discovery:discover_packages(prefix_path) using defaults
[2.536s] Level 5:colcon.colcon_core.verb:set package 'esp_pub' build argument 'cmake_args' from command line to 'None'
[2.536s] Level 5:colcon.colcon_core.verb:set package 'esp_pub' build argument 'cmake_target' from command line to 'None'
[2.536s] Level 5:colcon.colcon_core.verb:set package 'esp_pub' build argument 'cmake_target_skip_unavailable' from command line to 'False'
[2.536s] Level 5:colcon.colcon_core.verb:set package 'esp_pub' build argument 'cmake_clean_cache' from command line to 'False'
[2.536s] Level 5:colcon.colcon_core.verb:set package 'esp_pub' build argument 'cmake_clean_first' from command line to 'False'
[2.536s] Level 5:colcon.colcon_core.verb:set package 'esp_pub' build argument 'cmake_force_configure' from command line to 'False'
[2.536s] Level 5:colcon.colcon_core.verb:set package 'esp_pub' build argument 'ament_cmake_args' from command line to 'None'
[2.536s] Level 5:colcon.colcon_core.verb:set package 'esp_pub' build argument 'catkin_cmake_args' from command line to 'None'
[2.536s] Level 5:colcon.colcon_core.verb:set package 'esp_pub' build argument 'catkin_skip_building_tests' from command line to 'False'
[2.536s] DEBUG:colcon.colcon_core.verb:Building package 'esp_pub' with the following arguments: {'ament_cmake_args': None, 'build_base': '/home/mohit/eyrc_hb/ESP_CHECK/build/esp_pub', 'catkin_cmake_args': None, 'catkin_skip_building_tests': False, 'cmake_args': None, 'cmake_clean_cache': False, 'cmake_clean_first': False, 'cmake_force_configure': False, 'cmake_target': None, 'cmake_target_skip_unavailable': False, 'install_base': '/home/mohit/eyrc_hb/ESP_CHECK/install/esp_pub', 'merge_install': False, 'path': '/home/mohit/eyrc_hb/ESP_CHECK/src/esp_pub', 'symlink_install': True, 'test_result_base': None}
[2.554s] INFO:colcon.colcon_core.executor:Executing jobs using 'parallel' executor
[2.572s] DEBUG:colcon.colcon_parallel_executor.executor.parallel:run_until_complete
[2.573s] INFO:colcon.colcon_ros.task.ament_python.build:Building ROS package in '/home/mohit/eyrc_hb/ESP_CHECK/src/esp_pub' with build type 'ament_python'
[2.573s] Level 1:colcon.colcon_core.shell:create_environment_hook('esp_pub', 'ament_prefix_path')
[2.593s] INFO:colcon.colcon_core.plugin_system:Skipping extension 'colcon_core.shell.bat': Not used on non-Windows systems
[2.593s] INFO:colcon.colcon_core.shell:Creating environment hook '/home/mohit/eyrc_hb/ESP_CHECK/install/esp_pub/share/esp_pub/hook/ament_prefix_path.ps1'
[2.594s] INFO:colcon.colcon_core.shell:Creating environment descriptor '/home/mohit/eyrc_hb/ESP_CHECK/install/esp_pub/share/esp_pub/hook/ament_prefix_path.dsv'
[2.594s] INFO:colcon.colcon_core.shell:Creating environment hook '/home/mohit/eyrc_hb/ESP_CHECK/install/esp_pub/share/esp_pub/hook/ament_prefix_path.sh'
[2.616s] INFO:colcon.colcon_core.shell:Skip shell extension 'powershell' for command environment: Not usable outside of PowerShell
[2.616s] DEBUG:colcon.colcon_core.shell:Skip shell extension 'dsv' for command environment
[3.144s] INFO:colcon.colcon_core.task.python.build:Building Python package in '/home/mohit/eyrc_hb/ESP_CHECK/src/esp_pub'
[3.161s] INFO:colcon.colcon_core.shell:Skip shell extension 'powershell' for command environment: Not usable outside of PowerShell
[3.162s] DEBUG:colcon.colcon_core.shell:Skip shell extension 'dsv' for command environment
[5.290s] DEBUG:colcon.colcon_core.event_handler.log_command:Invoking command in '/home/mohit/eyrc_hb/ESP_CHECK/build/esp_pub': PYTHONPATH=/home/mohit/eyrc_hb/ESP_CHECK/build/esp_pub/prefix_override:/home/mohit/eyrc_hb/ESP_CHECK/install/esp_pub/lib/python3.10/site-packages:${PYTHONPATH} /usr/bin/python3 setup.py develop --editable --build-directory /home/mohit/eyrc_hb/ESP_CHECK/build/esp_pub/build --no-deps install_data
[7.043s] Level 1:colcon.colcon_core.shell:create_environment_hook('esp_pub', 'pythonpath_develop')
[7.043s] DEBUG:colcon.colcon_core.event_handler.log_command:Invoked command in '/home/mohit/eyrc_hb/ESP_CHECK/build/esp_pub' returned '0': PYTHONPATH=/home/mohit/eyrc_hb/ESP_CHECK/build/esp_pub/prefix_override:/home/mohit/eyrc_hb/ESP_CHECK/install/esp_pub/lib/python3.10/site-packages:${PYTHONPATH} /usr/bin/python3 setup.py develop --editable --build-directory /home/mohit/eyrc_hb/ESP_CHECK/build/esp_pub/build --no-deps install_data
[7.061s] INFO:colcon.colcon_core.shell:Creating environment hook '/home/mohit/eyrc_hb/ESP_CHECK/build/esp_pub/share/esp_pub/hook/pythonpath_develop.ps1'
[7.061s] INFO:colcon.colcon_core.shell:Creating environment descriptor '/home/mohit/eyrc_hb/ESP_CHECK/build/esp_pub/share/esp_pub/hook/pythonpath_develop.dsv'
[7.062s] INFO:colcon.colcon_core.shell:Creating environment hook '/home/mohit/eyrc_hb/ESP_CHECK/build/esp_pub/share/esp_pub/hook/pythonpath_develop.sh'
[7.081s] Level 1:colcon.colcon_core.environment:checking '/home/mohit/eyrc_hb/ESP_CHECK/install/esp_pub' for CMake module files
[7.081s] Level 1:colcon.colcon_core.environment:checking '/home/mohit/eyrc_hb/ESP_CHECK/install/esp_pub' for CMake config files
[7.082s] Level 1:colcon.colcon_core.environment:checking '/home/mohit/eyrc_hb/ESP_CHECK/install/esp_pub/lib'
[7.082s] Level 1:colcon.colcon_core.environment:checking '/home/mohit/eyrc_hb/ESP_CHECK/install/esp_pub/bin'
[7.082s] Level 1:colcon.colcon_core.environment:checking '/home/mohit/eyrc_hb/ESP_CHECK/install/esp_pub/lib/pkgconfig/esp_pub.pc'
[7.082s] Level 1:colcon.colcon_core.environment:checking '/home/mohit/eyrc_hb/ESP_CHECK/install/esp_pub/lib/python3.10/site-packages'
[7.082s] Level 1:colcon.colcon_core.shell:create_environment_hook('esp_pub', 'pythonpath')
[7.100s] INFO:colcon.colcon_core.shell:Creating environment hook '/home/mohit/eyrc_hb/ESP_CHECK/install/esp_pub/share/esp_pub/hook/pythonpath.ps1'
[7.100s] INFO:colcon.colcon_core.shell:Creating environment descriptor '/home/mohit/eyrc_hb/ESP_CHECK/install/esp_pub/share/esp_pub/hook/pythonpath.dsv'
[7.100s] INFO:colcon.colcon_core.shell:Creating environment hook '/home/mohit/eyrc_hb/ESP_CHECK/install/esp_pub/share/esp_pub/hook/pythonpath.sh'
[7.101s] Level 1:colcon.colcon_core.environment:checking '/home/mohit/eyrc_hb/ESP_CHECK/install/esp_pub/bin'
[7.101s] Level 1:colcon.colcon_core.environment:create_environment_scripts_only(esp_pub)
[7.119s] INFO:colcon.colcon_core.shell:Creating package script '/home/mohit/eyrc_hb/ESP_CHECK/install/esp_pub/share/esp_pub/package.ps1'
[7.119s] INFO:colcon.colcon_core.shell:Creating package descriptor '/home/mohit/eyrc_hb/ESP_CHECK/install/esp_pub/share/esp_pub/package.dsv'
[7.120s] INFO:colcon.colcon_core.shell:Creating package script '/home/mohit/eyrc_hb/ESP_CHECK/install/esp_pub/share/esp_pub/package.sh'
[7.121s] INFO:colcon.colcon_core.shell:Creating package script '/home/mohit/eyrc_hb/ESP_CHECK/install/esp_pub/share/esp_pub/package.bash'
[7.121s] INFO:colcon.colcon_core.shell:Creating package script '/home/mohit/eyrc_hb/ESP_CHECK/install/esp_pub/share/esp_pub/package.zsh'
[7.122s] Level 1:colcon.colcon_core.environment:create_file_with_runtime_dependencies(/home/mohit/eyrc_hb/ESP_CHECK/install/esp_pub/share/colcon-core/packages/esp_pub)
[7.122s] DEBUG:colcon.colcon_parallel_executor.executor.parallel:closing loop
[7.123s] DEBUG:colcon.colcon_parallel_executor.executor.parallel:loop closed
[7.123s] DEBUG:colcon.colcon_parallel_executor.executor.parallel:run_until_complete finished with '0'
[7.123s] DEBUG:colcon.colcon_core.event_reactor:joining thread
[7.147s] INFO:colcon.colcon_core.plugin_system:Skipping extension 'colcon_notification.desktop_notification.terminal_notifier': Not used on non-Darwin systems
[7.147s] INFO:colcon.colcon_core.plugin_system:Skipping extension 'colcon_notification.desktop_notification.win32': Not used on non-Windows systems
[7.147s] INFO:colcon.colcon_notification.desktop_notification:Sending desktop notification using 'notify2'
[7.159s] DEBUG:colcon.colcon_core.event_reactor:joined thread
[7.177s] INFO:colcon.colcon_core.shell:Creating prefix script '/home/mohit/eyrc_hb/ESP_CHECK/install/local_setup.ps1'
[7.178s] INFO:colcon.colcon_core.shell:Creating prefix util module '/home/mohit/eyrc_hb/ESP_CHECK/install/_local_setup_util_ps1.py'
[7.179s] INFO:colcon.colcon_core.shell:Creating prefix chain script '/home/mohit/eyrc_hb/ESP_CHECK/install/setup.ps1'
[7.199s] INFO:colcon.colcon_core.shell:Creating prefix script '/home/mohit/eyrc_hb/ESP_CHECK/install/local_setup.sh'
[7.200s] INFO:colcon.colcon_core.shell:Creating prefix util module '/home/mohit/eyrc_hb/ESP_CHECK/install/_local_setup_util_sh.py'
[7.200s] INFO:colcon.colcon_core.shell:Creating prefix chain script '/home/mohit/eyrc_hb/ESP_CHECK/install/setup.sh'
[7.239s] INFO:colcon.colcon_core.shell:Creating prefix script '/home/mohit/eyrc_hb/ESP_CHECK/install/local_setup.bash'
[7.240s] INFO:colcon.colcon_core.shell:Creating prefix chain script '/home/mohit/eyrc_hb/ESP_CHECK/install/setup.bash'
[7.279s] INFO:colcon.colcon_core.shell:Creating prefix script '/home/mohit/eyrc_hb/ESP_CHECK/install/local_setup.zsh'
[7.281s] INFO:colcon.colcon_core.shell:Creating prefix chain script '/home/mohit/eyrc_hb/ESP_CHECK/install/setup.zsh'
