[8.588s] DEBUG:colcon:Command line arguments: ['/usr/bin/colcon', 'build', '--symlink-install']
[8.588s] DEBUG:colcon:Parsed command line arguments: Namespace(log_base=None, log_level=None, verb_name='build', build_base='build', install_base='install', merge_install=False, symlink_install=True, test_result_base=None, continue_on_error=False, executor='parallel', parallel_workers=8, event_handlers=None, ignore_user_meta=False, metas=['./colcon.meta'], base_paths=['.'], packages_ignore=None, packages_ignore_regex=None, paths=None, packages_up_to=None, packages_up_to_regex=None, packages_above=None, packages_above_and_dependencies=None, packages_above_depth=None, packages_select_by_dep=None, packages_skip_by_dep=None, packages_skip_up_to=None, packages_select_build_failed=False, packages_skip_build_finished=False, packages_select_test_failures=False, packages_skip_test_passed=False, packages_select=None, packages_skip=None, packages_select_regex=None, packages_skip_regex=None, packages_start=None, packages_end=None, allow_overriding=[], cmake_args=None, cmake_target=None, cmake_target_skip_unavailable=False, cmake_clean_cache=False, cmake_clean_first=False, cmake_force_configure=False, ament_cmake_args=None, catkin_cmake_args=None, catkin_skip_building_tests=False, verb_parser=<colcon_defaults.argument_parser.defaults.DefaultArgumentsDecorator object at 0x7f9fcfd83250>, verb_extension=<colcon_core.verb.build.BuildVerb object at 0x7f9fcfdd5420>, main=<bound method BuildVerb.main of <colcon_core.verb.build.BuildVerb object at 0x7f9fcfdd5420>>)
[9.189s] Level 1:colcon.colcon_core.package_discovery:discover_packages(colcon_meta) check parameters
[9.189s] Level 1:colcon.colcon_core.package_discovery:discover_packages(recursive) check parameters
[9.189s] Level 1:colcon.colcon_core.package_discovery:discover_packages(ignore) check parameters
[9.189s] Level 1:colcon.colcon_core.package_discovery:discover_packages(path) check parameters
[9.189s] Level 1:colcon.colcon_core.package_discovery:discover_packages(colcon_meta) discover
[9.189s] Level 1:colcon.colcon_core.package_discovery:discover_packages(recursive) discover
[9.189s] INFO:colcon.colcon_core.package_discovery:Crawling recursively for packages in '/home/mohit/eyrc_hb/hb_task1a_ws'
[9.189s] Level 1:colcon.colcon_core.package_identification:_identify(.) by extensions ['ignore', 'ignore_ament_install']
[9.189s] Level 1:colcon.colcon_core.package_identification:_identify(.) by extension 'ignore'
[9.189s] Level 1:colcon.colcon_core.package_identification:_identify(.) by extension 'ignore_ament_install'
[9.189s] Level 1:colcon.colcon_core.package_identification:_identify(.) by extensions ['colcon_pkg']
[9.189s] Level 1:colcon.colcon_core.package_identification:_identify(.) by extension 'colcon_pkg'
[9.189s] Level 1:colcon.colcon_core.package_identification:_identify(.) by extensions ['colcon_meta']
[9.189s] Level 1:colcon.colcon_core.package_identification:_identify(.) by extension 'colcon_meta'
[9.189s] Level 1:colcon.colcon_core.package_identification:_identify(.) by extensions ['ros']
[9.189s] Level 1:colcon.colcon_core.package_identification:_identify(.) by extension 'ros'
[9.219s] Level 1:colcon.colcon_core.package_identification:_identify(.) by extensions ['cmake', 'python']
[9.219s] Level 1:colcon.colcon_core.package_identification:_identify(.) by extension 'cmake'
[9.219s] Level 1:colcon.colcon_core.package_identification:_identify(.) by extension 'python'
[9.219s] Level 1:colcon.colcon_core.package_identification:_identify(.) by extensions ['python_setup_py']
[9.219s] Level 1:colcon.colcon_core.package_identification:_identify(.) by extension 'python_setup_py'
[9.219s] Level 1:colcon.colcon_core.package_identification:_identify(build) by extensions ['ignore', 'ignore_ament_install']
[9.219s] Level 1:colcon.colcon_core.package_identification:_identify(build) by extension 'ignore'
[9.219s] Level 1:colcon.colcon_core.package_identification:_identify(build) ignored
[9.219s] Level 1:colcon.colcon_core.package_identification:_identify(install) by extensions ['ignore', 'ignore_ament_install']
[9.220s] Level 1:colcon.colcon_core.package_identification:_identify(install) by extension 'ignore'
[9.220s] Level 1:colcon.colcon_core.package_identification:_identify(install) ignored
[9.220s] Level 1:colcon.colcon_core.package_identification:_identify(log) by extensions ['ignore', 'ignore_ament_install']
[9.220s] Level 1:colcon.colcon_core.package_identification:_identify(log) by extension 'ignore'
[9.220s] Level 1:colcon.colcon_core.package_identification:_identify(log) ignored
[9.258s] Level 1:colcon.colcon_core.package_identification:_identify(src) by extensions ['ignore', 'ignore_ament_install']
[9.258s] Level 1:colcon.colcon_core.package_identification:_identify(src) by extension 'ignore'
[9.259s] Level 1:colcon.colcon_core.package_identification:_identify(src) by extension 'ignore_ament_install'
[9.259s] Level 1:colcon.colcon_core.package_identification:_identify(src) by extensions ['colcon_pkg']
[9.259s] Level 1:colcon.colcon_core.package_identification:_identify(src) by extension 'colcon_pkg'
[9.259s] Level 1:colcon.colcon_core.package_identification:_identify(src) by extensions ['colcon_meta']
[9.259s] Level 1:colcon.colcon_core.package_identification:_identify(src) by extension 'colcon_meta'
[9.259s] Level 1:colcon.colcon_core.package_identification:_identify(src) by extensions ['ros']
[9.259s] Level 1:colcon.colcon_core.package_identification:_identify(src) by extension 'ros'
[9.259s] Level 1:colcon.colcon_core.package_identification:_identify(src) by extensions ['cmake', 'python']
[9.259s] Level 1:colcon.colcon_core.package_identification:_identify(src) by extension 'cmake'
[9.259s] Level 1:colcon.colcon_core.package_identification:_identify(src) by extension 'python'
[9.259s] Level 1:colcon.colcon_core.package_identification:_identify(src) by extensions ['python_setup_py']
[9.259s] Level 1:colcon.colcon_core.package_identification:_identify(src) by extension 'python_setup_py'
[9.269s] Level 1:colcon.colcon_core.package_identification:_identify(src/hb_task_1a) by extensions ['ignore', 'ignore_ament_install']
[9.270s] Level 1:colcon.colcon_core.package_identification:_identify(src/hb_task_1a) by extension 'ignore'
[9.270s] Level 1:colcon.colcon_core.package_identification:_identify(src/hb_task_1a) by extension 'ignore_ament_install'
[9.270s] Level 1:colcon.colcon_core.package_identification:_identify(src/hb_task_1a) by extensions ['colcon_pkg']
[9.270s] Level 1:colcon.colcon_core.package_identification:_identify(src/hb_task_1a) by extension 'colcon_pkg'
[9.270s] Level 1:colcon.colcon_core.package_identification:_identify(src/hb_task_1a) by extensions ['colcon_meta']
[9.270s] Level 1:colcon.colcon_core.package_identification:_identify(src/hb_task_1a) by extension 'colcon_meta'
[9.270s] Level 1:colcon.colcon_core.package_identification:_identify(src/hb_task_1a) by extensions ['ros']
[9.270s] Level 1:colcon.colcon_core.package_identification:_identify(src/hb_task_1a) by extension 'ros'
[9.316s] DEBUG:colcon.colcon_core.package_identification:Package 'src/hb_task_1a' with type 'ros.ament_python' and name 'hb_task_1a'
[9.316s] Level 1:colcon.colcon_core.package_discovery:discover_packages(recursive) using defaults
[9.316s] Level 1:colcon.colcon_core.package_discovery:discover_packages(ignore) discover
[9.316s] Level 1:colcon.colcon_core.package_discovery:discover_packages(ignore) using defaults
[9.316s] Level 1:colcon.colcon_core.package_discovery:discover_packages(path) discover
[9.316s] Level 1:colcon.colcon_core.package_discovery:discover_packages(path) using defaults
[9.575s] Level 1:colcon.colcon_core.package_discovery:discover_packages(prefix_path) check parameters
[9.576s] Level 1:colcon.colcon_core.package_discovery:discover_packages(prefix_path) discover
[9.608s] DEBUG:colcon.colcon_installed_package_information.package_discovery:Found 1 installed packages in /home/mohit/eyrc_hb/hb_task1a_ws/install
[9.623s] DEBUG:colcon.colcon_installed_package_information.package_discovery:Found 277 installed packages in /opt/ros/humble
[9.670s] Level 1:colcon.colcon_core.package_discovery:discover_packages(prefix_path) using defaults
[9.854s] Level 5:colcon.colcon_core.verb:set package 'hb_task_1a' build argument 'cmake_args' from command line to 'None'
[9.854s] Level 5:colcon.colcon_core.verb:set package 'hb_task_1a' build argument 'cmake_target' from command line to 'None'
[9.854s] Level 5:colcon.colcon_core.verb:set package 'hb_task_1a' build argument 'cmake_target_skip_unavailable' from command line to 'False'
[9.854s] Level 5:colcon.colcon_core.verb:set package 'hb_task_1a' build argument 'cmake_clean_cache' from command line to 'False'
[9.854s] Level 5:colcon.colcon_core.verb:set package 'hb_task_1a' build argument 'cmake_clean_first' from command line to 'False'
[9.854s] Level 5:colcon.colcon_core.verb:set package 'hb_task_1a' build argument 'cmake_force_configure' from command line to 'False'
[9.854s] Level 5:colcon.colcon_core.verb:set package 'hb_task_1a' build argument 'ament_cmake_args' from command line to 'None'
[9.855s] Level 5:colcon.colcon_core.verb:set package 'hb_task_1a' build argument 'catkin_cmake_args' from command line to 'None'
[9.855s] Level 5:colcon.colcon_core.verb:set package 'hb_task_1a' build argument 'catkin_skip_building_tests' from command line to 'False'
[9.855s] DEBUG:colcon.colcon_core.verb:Building package 'hb_task_1a' with the following arguments: {'ament_cmake_args': None, 'build_base': '/home/mohit/eyrc_hb/hb_task1a_ws/build/hb_task_1a', 'catkin_cmake_args': None, 'catkin_skip_building_tests': False, 'cmake_args': None, 'cmake_clean_cache': False, 'cmake_clean_first': False, 'cmake_force_configure': False, 'cmake_target': None, 'cmake_target_skip_unavailable': False, 'install_base': '/home/mohit/eyrc_hb/hb_task1a_ws/install/hb_task_1a', 'merge_install': False, 'path': '/home/mohit/eyrc_hb/hb_task1a_ws/src/hb_task_1a', 'symlink_install': True, 'test_result_base': None}
[9.868s] INFO:colcon.colcon_core.executor:Executing jobs using 'parallel' executor
[9.883s] DEBUG:colcon.colcon_parallel_executor.executor.parallel:run_until_complete
[9.884s] INFO:colcon.colcon_ros.task.ament_python.build:Building ROS package in '/home/mohit/eyrc_hb/hb_task1a_ws/src/hb_task_1a' with build type 'ament_python'
[9.884s] Level 1:colcon.colcon_core.shell:create_environment_hook('hb_task_1a', 'ament_prefix_path')
[9.916s] INFO:colcon.colcon_core.plugin_system:Skipping extension 'colcon_core.shell.bat': Not used on non-Windows systems
[9.916s] INFO:colcon.colcon_core.shell:Creating environment hook '/home/mohit/eyrc_hb/hb_task1a_ws/install/hb_task_1a/share/hb_task_1a/hook/ament_prefix_path.ps1'
[9.917s] INFO:colcon.colcon_core.shell:Creating environment descriptor '/home/mohit/eyrc_hb/hb_task1a_ws/install/hb_task_1a/share/hb_task_1a/hook/ament_prefix_path.dsv'
[9.960s] INFO:colcon.colcon_core.shell:Creating environment hook '/home/mohit/eyrc_hb/hb_task1a_ws/install/hb_task_1a/share/hb_task_1a/hook/ament_prefix_path.sh'
[9.975s] INFO:colcon.colcon_core.shell:Skip shell extension 'powershell' for command environment: Not usable outside of PowerShell
[9.975s] DEBUG:colcon.colcon_core.shell:Skip shell extension 'dsv' for command environment
[10.037s] DEBUG:colcon.colcon_core.shell:Ignoring prefix path '/home/mohit/catkin_ws/devel'
[10.332s] INFO:colcon.colcon_core.task.python.build:Building Python package in '/home/mohit/eyrc_hb/hb_task1a_ws/src/hb_task_1a'
[10.347s] INFO:colcon.colcon_core.shell:Skip shell extension 'powershell' for command environment: Not usable outside of PowerShell
[10.347s] DEBUG:colcon.colcon_core.shell:Skip shell extension 'dsv' for command environment
[10.404s] DEBUG:colcon.colcon_core.shell:Ignoring prefix path '/home/mohit/catkin_ws/devel'
[11.982s] DEBUG:colcon.colcon_core.event_handler.log_command:Invoking command in '/home/mohit/eyrc_hb/hb_task1a_ws/build/hb_task_1a': PYTHONPATH=/home/mohit/eyrc_hb/hb_task1a_ws/build/hb_task_1a/prefix_override:/home/mohit/eyrc_hb/hb_task1a_ws/install/hb_task_1a/lib/python3.10/site-packages:${PYTHONPATH} /usr/bin/python3 setup.py develop --editable --build-directory /home/mohit/eyrc_hb/hb_task1a_ws/build/hb_task_1a/build --no-deps install_data
[12.465s] Level 1:colcon.colcon_core.shell:create_environment_hook('hb_task_1a', 'pythonpath_develop')
[12.466s] DEBUG:colcon.colcon_core.event_handler.log_command:Invoked command in '/home/mohit/eyrc_hb/hb_task1a_ws/build/hb_task_1a' returned '0': PYTHONPATH=/home/mohit/eyrc_hb/hb_task1a_ws/build/hb_task_1a/prefix_override:/home/mohit/eyrc_hb/hb_task1a_ws/install/hb_task_1a/lib/python3.10/site-packages:${PYTHONPATH} /usr/bin/python3 setup.py develop --editable --build-directory /home/mohit/eyrc_hb/hb_task1a_ws/build/hb_task_1a/build --no-deps install_data
[12.480s] INFO:colcon.colcon_core.shell:Creating environment hook '/home/mohit/eyrc_hb/hb_task1a_ws/build/hb_task_1a/share/hb_task_1a/hook/pythonpath_develop.ps1'
[12.480s] INFO:colcon.colcon_core.shell:Creating environment descriptor '/home/mohit/eyrc_hb/hb_task1a_ws/build/hb_task_1a/share/hb_task_1a/hook/pythonpath_develop.dsv'
[12.481s] INFO:colcon.colcon_core.shell:Creating environment hook '/home/mohit/eyrc_hb/hb_task1a_ws/build/hb_task_1a/share/hb_task_1a/hook/pythonpath_develop.sh'
[12.537s] Level 1:colcon.colcon_core.environment:checking '/home/mohit/eyrc_hb/hb_task1a_ws/install/hb_task_1a' for CMake module files
[12.538s] Level 1:colcon.colcon_core.environment:checking '/home/mohit/eyrc_hb/hb_task1a_ws/install/hb_task_1a' for CMake config files
[12.538s] Level 1:colcon.colcon_core.environment:checking '/home/mohit/eyrc_hb/hb_task1a_ws/install/hb_task_1a/lib'
[12.538s] Level 1:colcon.colcon_core.environment:checking '/home/mohit/eyrc_hb/hb_task1a_ws/install/hb_task_1a/bin'
[12.538s] Level 1:colcon.colcon_core.environment:checking '/home/mohit/eyrc_hb/hb_task1a_ws/install/hb_task_1a/lib/pkgconfig/hb_task_1a.pc'
[12.538s] Level 1:colcon.colcon_core.environment:checking '/home/mohit/eyrc_hb/hb_task1a_ws/install/hb_task_1a/lib/python3.10/site-packages'
[12.538s] Level 1:colcon.colcon_core.shell:create_environment_hook('hb_task_1a', 'pythonpath')
[12.553s] INFO:colcon.colcon_core.shell:Creating environment hook '/home/mohit/eyrc_hb/hb_task1a_ws/install/hb_task_1a/share/hb_task_1a/hook/pythonpath.ps1'
[12.553s] INFO:colcon.colcon_core.shell:Creating environment descriptor '/home/mohit/eyrc_hb/hb_task1a_ws/install/hb_task_1a/share/hb_task_1a/hook/pythonpath.dsv'
[12.553s] INFO:colcon.colcon_core.shell:Creating environment hook '/home/mohit/eyrc_hb/hb_task1a_ws/install/hb_task_1a/share/hb_task_1a/hook/pythonpath.sh'
[12.554s] Level 1:colcon.colcon_core.environment:checking '/home/mohit/eyrc_hb/hb_task1a_ws/install/hb_task_1a/bin'
[12.554s] Level 1:colcon.colcon_core.environment:create_environment_scripts_only(hb_task_1a)
[12.569s] INFO:colcon.colcon_core.shell:Creating package script '/home/mohit/eyrc_hb/hb_task1a_ws/install/hb_task_1a/share/hb_task_1a/package.ps1'
[12.570s] INFO:colcon.colcon_core.shell:Creating package descriptor '/home/mohit/eyrc_hb/hb_task1a_ws/install/hb_task_1a/share/hb_task_1a/package.dsv'
[12.571s] INFO:colcon.colcon_core.shell:Creating package script '/home/mohit/eyrc_hb/hb_task1a_ws/install/hb_task_1a/share/hb_task_1a/package.sh'
[12.572s] INFO:colcon.colcon_core.shell:Creating package script '/home/mohit/eyrc_hb/hb_task1a_ws/install/hb_task_1a/share/hb_task_1a/package.bash'
[12.594s] INFO:colcon.colcon_core.shell:Creating package script '/home/mohit/eyrc_hb/hb_task1a_ws/install/hb_task_1a/share/hb_task_1a/package.zsh'
[12.595s] Level 1:colcon.colcon_core.environment:create_file_with_runtime_dependencies(/home/mohit/eyrc_hb/hb_task1a_ws/install/hb_task_1a/share/colcon-core/packages/hb_task_1a)
[12.596s] DEBUG:colcon.colcon_parallel_executor.executor.parallel:closing loop
[12.596s] DEBUG:colcon.colcon_parallel_executor.executor.parallel:loop closed
[12.596s] DEBUG:colcon.colcon_parallel_executor.executor.parallel:run_until_complete finished with '0'
[12.597s] DEBUG:colcon.colcon_core.event_reactor:joining thread
[12.672s] INFO:colcon.colcon_core.plugin_system:Skipping extension 'colcon_notification.desktop_notification.terminal_notifier': Not used on non-Darwin systems
[12.672s] INFO:colcon.colcon_core.plugin_system:Skipping extension 'colcon_notification.desktop_notification.win32': Not used on non-Windows systems
[12.672s] INFO:colcon.colcon_notification.desktop_notification:Sending desktop notification using 'notify2'
[12.691s] DEBUG:colcon.colcon_core.event_reactor:joined thread
[12.708s] INFO:colcon.colcon_core.shell:Creating prefix script '/home/mohit/eyrc_hb/hb_task1a_ws/install/local_setup.ps1'
[12.710s] INFO:colcon.colcon_core.shell:Creating prefix util module '/home/mohit/eyrc_hb/hb_task1a_ws/install/_local_setup_util_ps1.py'
[12.711s] INFO:colcon.colcon_core.shell:Creating prefix chain script '/home/mohit/eyrc_hb/hb_task1a_ws/install/setup.ps1'
[12.727s] INFO:colcon.colcon_core.shell:Creating prefix script '/home/mohit/eyrc_hb/hb_task1a_ws/install/local_setup.sh'
[12.728s] INFO:colcon.colcon_core.shell:Creating prefix util module '/home/mohit/eyrc_hb/hb_task1a_ws/install/_local_setup_util_sh.py'
[12.728s] INFO:colcon.colcon_core.shell:Creating prefix chain script '/home/mohit/eyrc_hb/hb_task1a_ws/install/setup.sh'
[12.748s] INFO:colcon.colcon_core.shell:Creating prefix script '/home/mohit/eyrc_hb/hb_task1a_ws/install/local_setup.bash'
[12.748s] INFO:colcon.colcon_core.shell:Creating prefix chain script '/home/mohit/eyrc_hb/hb_task1a_ws/install/setup.bash'
[12.764s] INFO:colcon.colcon_core.shell:Creating prefix script '/home/mohit/eyrc_hb/hb_task1a_ws/install/local_setup.zsh'
[12.765s] INFO:colcon.colcon_core.shell:Creating prefix chain script '/home/mohit/eyrc_hb/hb_task1a_ws/install/setup.zsh'
