[1.291s] DEBUG:colcon:Command line arguments: ['/usr/bin/colcon', 'list', '-p', '--base-paths', '/home/mohit/eyrc_hb']
[1.291s] DEBUG:colcon:Parsed command line arguments: Namespace(log_base=None, log_level=None, verb_name='list', build_base='build', ignore_user_meta=False, metas=['./colcon.meta'], base_paths=['/home/mohit/eyrc_hb'], packages_ignore=None, packages_ignore_regex=None, paths=None, packages_up_to=None, packages_up_to_regex=None, packages_above=None, packages_above_and_dependencies=None, packages_above_depth=None, packages_select_by_dep=None, packages_skip_by_dep=None, packages_skip_up_to=None, packages_select_build_failed=False, packages_skip_build_finished=False, packages_select_test_failures=False, packages_skip_test_passed=False, packages_select=None, packages_skip=None, packages_select_regex=None, packages_skip_regex=None, packages_start=None, packages_end=None, allow_overriding=[], topological_order=False, names_only=False, paths_only=True, topological_graph=False, topological_graph_dot=False, topological_graph_density=False, topological_graph_legend=False, topological_graph_dot_cluster=False, topological_graph_dot_include_skipped=False, verb_parser=<colcon_defaults.argument_parser.defaults.DefaultArgumentsDecorator object at 0x7f891ed7bd30>, verb_extension=<colcon_package_information.verb.list.ListVerb object at 0x7f891ed7ace0>, main=<bound method ListVerb.main of <colcon_package_information.verb.list.ListVerb object at 0x7f891ed7ace0>>)
[1.363s] Level 1:colcon.colcon_core.package_discovery:discover_packages(colcon_meta) check parameters
[1.363s] Level 1:colcon.colcon_core.package_discovery:discover_packages(recursive) check parameters
[1.363s] Level 1:colcon.colcon_core.package_discovery:discover_packages(ignore) check parameters
[1.363s] Level 1:colcon.colcon_core.package_discovery:discover_packages(path) check parameters
[1.364s] Level 1:colcon.colcon_core.package_discovery:discover_packages(recursive) discover
[1.364s] INFO:colcon.colcon_core.package_discovery:Crawling recursively for packages in '/home/mohit/eyrc_hb'
[1.364s] Level 1:colcon.colcon_core.package_identification:_identify(/home/mohit/eyrc_hb) by extensions ['ignore', 'ignore_ament_install']
[1.364s] Level 1:colcon.colcon_core.package_identification:_identify(/home/mohit/eyrc_hb) by extension 'ignore'
[1.364s] Level 1:colcon.colcon_core.package_identification:_identify(/home/mohit/eyrc_hb) by extension 'ignore_ament_install'
[1.364s] Level 1:colcon.colcon_core.package_identification:_identify(/home/mohit/eyrc_hb) by extensions ['colcon_pkg']
[1.364s] Level 1:colcon.colcon_core.package_identification:_identify(/home/mohit/eyrc_hb) by extension 'colcon_pkg'
[1.364s] Level 1:colcon.colcon_core.package_identification:_identify(/home/mohit/eyrc_hb) by extensions ['colcon_meta']
[1.364s] Level 1:colcon.colcon_core.package_identification:_identify(/home/mohit/eyrc_hb) by extension 'colcon_meta'
[1.364s] Level 1:colcon.colcon_core.package_identification:_identify(/home/mohit/eyrc_hb) by extensions ['ros']
[1.364s] Level 1:colcon.colcon_core.package_identification:_identify(/home/mohit/eyrc_hb) by extension 'ros'
[1.387s] Level 1:colcon.colcon_core.package_identification:_identify(/home/mohit/eyrc_hb) by extensions ['cmake', 'python']
[1.387s] Level 1:colcon.colcon_core.package_identification:_identify(/home/mohit/eyrc_hb) by extension 'cmake'
[1.388s] Level 1:colcon.colcon_core.package_identification:_identify(/home/mohit/eyrc_hb) by extension 'python'
[1.388s] Level 1:colcon.colcon_core.package_identification:_identify(/home/mohit/eyrc_hb) by extensions ['python_setup_py']
[1.388s] Level 1:colcon.colcon_core.package_identification:_identify(/home/mohit/eyrc_hb) by extension 'python_setup_py'
[1.388s] Level 1:colcon.colcon_core.package_identification:_identify(/home/mohit/eyrc_hb/ESP_CHECK) by extensions ['ignore', 'ignore_ament_install']
[1.388s] Level 1:colcon.colcon_core.package_identification:_identify(/home/mohit/eyrc_hb/ESP_CHECK) by extension 'ignore'
[1.388s] Level 1:colcon.colcon_core.package_identification:_identify(/home/mohit/eyrc_hb/ESP_CHECK) by extension 'ignore_ament_install'
[1.389s] Level 1:colcon.colcon_core.package_identification:_identify(/home/mohit/eyrc_hb/ESP_CHECK) by extensions ['colcon_pkg']
[1.389s] Level 1:colcon.colcon_core.package_identification:_identify(/home/mohit/eyrc_hb/ESP_CHECK) by extension 'colcon_pkg'
[1.389s] Level 1:colcon.colcon_core.package_identification:_identify(/home/mohit/eyrc_hb/ESP_CHECK) by extensions ['colcon_meta']
[1.389s] Level 1:colcon.colcon_core.package_identification:_identify(/home/mohit/eyrc_hb/ESP_CHECK) by extension 'colcon_meta'
[1.389s] Level 1:colcon.colcon_core.package_identification:_identify(/home/mohit/eyrc_hb/ESP_CHECK) by extensions ['ros']
[1.389s] Level 1:colcon.colcon_core.package_identification:_identify(/home/mohit/eyrc_hb/ESP_CHECK) by extension 'ros'
[1.389s] Level 1:colcon.colcon_core.package_identification:_identify(/home/mohit/eyrc_hb/ESP_CHECK) by extensions ['cmake', 'python']
[1.389s] Level 1:colcon.colcon_core.package_identification:_identify(/home/mohit/eyrc_hb/ESP_CHECK) by extension 'cmake'
[1.389s] Level 1:colcon.colcon_core.package_identification:_identify(/home/mohit/eyrc_hb/ESP_CHECK) by extension 'python'
[1.389s] Level 1:colcon.colcon_core.package_identification:_identify(/home/mohit/eyrc_hb/ESP_CHECK) by extensions ['python_setup_py']
[1.389s] Level 1:colcon.colcon_core.package_identification:_identify(/home/mohit/eyrc_hb/ESP_CHECK) by extension 'python_setup_py'
[1.389s] Level 1:colcon.colcon_core.package_identification:_identify(/home/mohit/eyrc_hb/ESP_CHECK/build) by extensions ['ignore', 'ignore_ament_install']
[1.389s] Level 1:colcon.colcon_core.package_identification:_identify(/home/mohit/eyrc_hb/ESP_CHECK/build) by extension 'ignore'
[1.389s] Level 1:colcon.colcon_core.package_identification:_identify(/home/mohit/eyrc_hb/ESP_CHECK/build) ignored
[1.390s] Level 1:colcon.colcon_core.package_identification:_identify(/home/mohit/eyrc_hb/ESP_CHECK/install) by extensions ['ignore', 'ignore_ament_install']
[1.390s] Level 1:colcon.colcon_core.package_identification:_identify(/home/mohit/eyrc_hb/ESP_CHECK/install) by extension 'ignore'
[1.390s] Level 1:colcon.colcon_core.package_identification:_identify(/home/mohit/eyrc_hb/ESP_CHECK/install) ignored
[1.390s] Level 1:colcon.colcon_core.package_identification:_identify(/home/mohit/eyrc_hb/ESP_CHECK/log) by extensions ['ignore', 'ignore_ament_install']
[1.390s] Level 1:colcon.colcon_core.package_identification:_identify(/home/mohit/eyrc_hb/ESP_CHECK/log) by extension 'ignore'
[1.390s] Level 1:colcon.colcon_core.package_identification:_identify(/home/mohit/eyrc_hb/ESP_CHECK/log) ignored
[1.390s] Level 1:colcon.colcon_core.package_identification:_identify(/home/mohit/eyrc_hb/ESP_CHECK/src) by extensions ['ignore', 'ignore_ament_install']
[1.390s] Level 1:colcon.colcon_core.package_identification:_identify(/home/mohit/eyrc_hb/ESP_CHECK/src) by extension 'ignore'
[1.390s] Level 1:colcon.colcon_core.package_identification:_identify(/home/mohit/eyrc_hb/ESP_CHECK/src) by extension 'ignore_ament_install'
[1.390s] Level 1:colcon.colcon_core.package_identification:_identify(/home/mohit/eyrc_hb/ESP_CHECK/src) by extensions ['colcon_pkg']
[1.390s] Level 1:colcon.colcon_core.package_identification:_identify(/home/mohit/eyrc_hb/ESP_CHECK/src) by extension 'colcon_pkg'
[1.390s] Level 1:colcon.colcon_core.package_identification:_identify(/home/mohit/eyrc_hb/ESP_CHECK/src) by extensions ['colcon_meta']
[1.390s] Level 1:colcon.colcon_core.package_identification:_identify(/home/mohit/eyrc_hb/ESP_CHECK/src) by extension 'colcon_meta'
[1.391s] Level 1:colcon.colcon_core.package_identification:_identify(/home/mohit/eyrc_hb/ESP_CHECK/src) by extensions ['ros']
[1.391s] Level 1:colcon.colcon_core.package_identification:_identify(/home/mohit/eyrc_hb/ESP_CHECK/src) by extension 'ros'
[1.391s] Level 1:colcon.colcon_core.package_identification:_identify(/home/mohit/eyrc_hb/ESP_CHECK/src) by extensions ['cmake', 'python']
[1.391s] Level 1:colcon.colcon_core.package_identification:_identify(/home/mohit/eyrc_hb/ESP_CHECK/src) by extension 'cmake'
[1.391s] Level 1:colcon.colcon_core.package_identification:_identify(/home/mohit/eyrc_hb/ESP_CHECK/src) by extension 'python'
[1.391s] Level 1:colcon.colcon_core.package_identification:_identify(/home/mohit/eyrc_hb/ESP_CHECK/src) by extensions ['python_setup_py']
[1.391s] Level 1:colcon.colcon_core.package_identification:_identify(/home/mohit/eyrc_hb/ESP_CHECK/src) by extension 'python_setup_py'
[1.391s] Level 1:colcon.colcon_core.package_identification:_identify(/home/mohit/eyrc_hb/ESP_CHECK/src/esp_pub) by extensions ['ignore', 'ignore_ament_install']
[1.391s] Level 1:colcon.colcon_core.package_identification:_identify(/home/mohit/eyrc_hb/ESP_CHECK/src/esp_pub) by extension 'ignore'
[1.391s] Level 1:colcon.colcon_core.package_identification:_identify(/home/mohit/eyrc_hb/ESP_CHECK/src/esp_pub) by extension 'ignore_ament_install'
[1.392s] Level 1:colcon.colcon_core.package_identification:_identify(/home/mohit/eyrc_hb/ESP_CHECK/src/esp_pub) by extensions ['colcon_pkg']
[1.392s] Level 1:colcon.colcon_core.package_identification:_identify(/home/mohit/eyrc_hb/ESP_CHECK/src/esp_pub) by extension 'colcon_pkg'
[1.392s] Level 1:colcon.colcon_core.package_identification:_identify(/home/mohit/eyrc_hb/ESP_CHECK/src/esp_pub) by extensions ['colcon_meta']
[1.392s] Level 1:colcon.colcon_core.package_identification:_identify(/home/mohit/eyrc_hb/ESP_CHECK/src/esp_pub) by extension 'colcon_meta'
[1.392s] Level 1:colcon.colcon_core.package_identification:_identify(/home/mohit/eyrc_hb/ESP_CHECK/src/esp_pub) by extensions ['ros']
[1.392s] Level 1:colcon.colcon_core.package_identification:_identify(/home/mohit/eyrc_hb/ESP_CHECK/src/esp_pub) by extension 'ros'
[1.666s] DEBUG:colcon.colcon_core.package_identification:Package '/home/mohit/eyrc_hb/ESP_CHECK/src/esp_pub' with type 'ros.ament_python' and name 'esp_pub'
[1.666s] Level 1:colcon.colcon_core.package_identification:_identify(/home/mohit/eyrc_hb/ESP_CHECK/src/log) by extensions ['ignore', 'ignore_ament_install']
[1.666s] Level 1:colcon.colcon_core.package_identification:_identify(/home/mohit/eyrc_hb/ESP_CHECK/src/log) by extension 'ignore'
[1.666s] Level 1:colcon.colcon_core.package_identification:_identify(/home/mohit/eyrc_hb/ESP_CHECK/src/log) ignored
[1.666s] Level 1:colcon.colcon_core.package_identification:_identify(/home/mohit/eyrc_hb/hb_task1a_ws) by extensions ['ignore', 'ignore_ament_install']
[1.666s] Level 1:colcon.colcon_core.package_identification:_identify(/home/mohit/eyrc_hb/hb_task1a_ws) by extension 'ignore'
[1.666s] Level 1:colcon.colcon_core.package_identification:_identify(/home/mohit/eyrc_hb/hb_task1a_ws) by extension 'ignore_ament_install'
[1.667s] Level 1:colcon.colcon_core.package_identification:_identify(/home/mohit/eyrc_hb/hb_task1a_ws) by extensions ['colcon_pkg']
[1.667s] Level 1:colcon.colcon_core.package_identification:_identify(/home/mohit/eyrc_hb/hb_task1a_ws) by extension 'colcon_pkg'
[1.667s] Level 1:colcon.colcon_core.package_identification:_identify(/home/mohit/eyrc_hb/hb_task1a_ws) by extensions ['colcon_meta']
[1.667s] Level 1:colcon.colcon_core.package_identification:_identify(/home/mohit/eyrc_hb/hb_task1a_ws) by extension 'colcon_meta'
[1.667s] Level 1:colcon.colcon_core.package_identification:_identify(/home/mohit/eyrc_hb/hb_task1a_ws) by extensions ['ros']
[1.667s] Level 1:colcon.colcon_core.package_identification:_identify(/home/mohit/eyrc_hb/hb_task1a_ws) by extension 'ros'
[1.667s] Level 1:colcon.colcon_core.package_identification:_identify(/home/mohit/eyrc_hb/hb_task1a_ws) by extensions ['cmake', 'python']
[1.667s] Level 1:colcon.colcon_core.package_identification:_identify(/home/mohit/eyrc_hb/hb_task1a_ws) by extension 'cmake'
[1.667s] Level 1:colcon.colcon_core.package_identification:_identify(/home/mohit/eyrc_hb/hb_task1a_ws) by extension 'python'
[1.667s] Level 1:colcon.colcon_core.package_identification:_identify(/home/mohit/eyrc_hb/hb_task1a_ws) by extensions ['python_setup_py']
[1.667s] Level 1:colcon.colcon_core.package_identification:_identify(/home/mohit/eyrc_hb/hb_task1a_ws) by extension 'python_setup_py'
[1.667s] Level 1:colcon.colcon_core.package_identification:_identify(/home/mohit/eyrc_hb/hb_task1a_ws/build) by extensions ['ignore', 'ignore_ament_install']
[1.667s] Level 1:colcon.colcon_core.package_identification:_identify(/home/mohit/eyrc_hb/hb_task1a_ws/build) by extension 'ignore'
[1.667s] Level 1:colcon.colcon_core.package_identification:_identify(/home/mohit/eyrc_hb/hb_task1a_ws/build) ignored
[1.667s] Level 1:colcon.colcon_core.package_identification:_identify(/home/mohit/eyrc_hb/hb_task1a_ws/install) by extensions ['ignore', 'ignore_ament_install']
[1.667s] Level 1:colcon.colcon_core.package_identification:_identify(/home/mohit/eyrc_hb/hb_task1a_ws/install) by extension 'ignore'
[1.668s] Level 1:colcon.colcon_core.package_identification:_identify(/home/mohit/eyrc_hb/hb_task1a_ws/install) ignored
[1.668s] Level 1:colcon.colcon_core.package_identification:_identify(/home/mohit/eyrc_hb/hb_task1a_ws/log) by extensions ['ignore', 'ignore_ament_install']
[1.668s] Level 1:colcon.colcon_core.package_identification:_identify(/home/mohit/eyrc_hb/hb_task1a_ws/log) by extension 'ignore'
[1.668s] Level 1:colcon.colcon_core.package_identification:_identify(/home/mohit/eyrc_hb/hb_task1a_ws/log) ignored
[1.668s] Level 1:colcon.colcon_core.package_identification:_identify(/home/mohit/eyrc_hb/hb_task1a_ws/src) by extensions ['ignore', 'ignore_ament_install']
[1.668s] Level 1:colcon.colcon_core.package_identification:_identify(/home/mohit/eyrc_hb/hb_task1a_ws/src) by extension 'ignore'
[1.668s] Level 1:colcon.colcon_core.package_identification:_identify(/home/mohit/eyrc_hb/hb_task1a_ws/src) by extension 'ignore_ament_install'
[1.668s] Level 1:colcon.colcon_core.package_identification:_identify(/home/mohit/eyrc_hb/hb_task1a_ws/src) by extensions ['colcon_pkg']
[1.668s] Level 1:colcon.colcon_core.package_identification:_identify(/home/mohit/eyrc_hb/hb_task1a_ws/src) by extension 'colcon_pkg'
[1.668s] Level 1:colcon.colcon_core.package_identification:_identify(/home/mohit/eyrc_hb/hb_task1a_ws/src) by extensions ['colcon_meta']
[1.668s] Level 1:colcon.colcon_core.package_identification:_identify(/home/mohit/eyrc_hb/hb_task1a_ws/src) by extension 'colcon_meta'
[1.668s] Level 1:colcon.colcon_core.package_identification:_identify(/home/mohit/eyrc_hb/hb_task1a_ws/src) by extensions ['ros']
[1.668s] Level 1:colcon.colcon_core.package_identification:_identify(/home/mohit/eyrc_hb/hb_task1a_ws/src) by extension 'ros'
[1.668s] Level 1:colcon.colcon_core.package_identification:_identify(/home/mohit/eyrc_hb/hb_task1a_ws/src) by extensions ['cmake', 'python']
[1.668s] Level 1:colcon.colcon_core.package_identification:_identify(/home/mohit/eyrc_hb/hb_task1a_ws/src) by extension 'cmake'
[1.668s] Level 1:colcon.colcon_core.package_identification:_identify(/home/mohit/eyrc_hb/hb_task1a_ws/src) by extension 'python'
[1.668s] Level 1:colcon.colcon_core.package_identification:_identify(/home/mohit/eyrc_hb/hb_task1a_ws/src) by extensions ['python_setup_py']
[1.668s] Level 1:colcon.colcon_core.package_identification:_identify(/home/mohit/eyrc_hb/hb_task1a_ws/src) by extension 'python_setup_py'
[1.669s] Level 1:colcon.colcon_core.package_identification:_identify(/home/mohit/eyrc_hb/hb_task1a_ws/src/hb_task_1a) by extensions ['ignore', 'ignore_ament_install']
[1.669s] Level 1:colcon.colcon_core.package_identification:_identify(/home/mohit/eyrc_hb/hb_task1a_ws/src/hb_task_1a) by extension 'ignore'
[1.669s] Level 1:colcon.colcon_core.package_identification:_identify(/home/mohit/eyrc_hb/hb_task1a_ws/src/hb_task_1a) by extension 'ignore_ament_install'
[1.669s] Level 1:colcon.colcon_core.package_identification:_identify(/home/mohit/eyrc_hb/hb_task1a_ws/src/hb_task_1a) by extensions ['colcon_pkg']
[1.669s] Level 1:colcon.colcon_core.package_identification:_identify(/home/mohit/eyrc_hb/hb_task1a_ws/src/hb_task_1a) by extension 'colcon_pkg'
[1.669s] Level 1:colcon.colcon_core.package_identification:_identify(/home/mohit/eyrc_hb/hb_task1a_ws/src/hb_task_1a) by extensions ['colcon_meta']
[1.669s] Level 1:colcon.colcon_core.package_identification:_identify(/home/mohit/eyrc_hb/hb_task1a_ws/src/hb_task_1a) by extension 'colcon_meta'
[1.669s] Level 1:colcon.colcon_core.package_identification:_identify(/home/mohit/eyrc_hb/hb_task1a_ws/src/hb_task_1a) by extensions ['ros']
[1.669s] Level 1:colcon.colcon_core.package_identification:_identify(/home/mohit/eyrc_hb/hb_task1a_ws/src/hb_task_1a) by extension 'ros'
[1.958s] DEBUG:colcon.colcon_core.package_identification:Package '/home/mohit/eyrc_hb/hb_task1a_ws/src/hb_task_1a' with type 'ros.ament_python' and name 'hb_task_1a'
[1.958s] Level 1:colcon.colcon_core.package_identification:_identify(/home/mohit/eyrc_hb/hb_task1b_ws) by extensions ['ignore', 'ignore_ament_install']
[1.958s] Level 1:colcon.colcon_core.package_identification:_identify(/home/mohit/eyrc_hb/hb_task1b_ws) by extension 'ignore'
[1.958s] Level 1:colcon.colcon_core.package_identification:_identify(/home/mohit/eyrc_hb/hb_task1b_ws) by extension 'ignore_ament_install'
[1.958s] Level 1:colcon.colcon_core.package_identification:_identify(/home/mohit/eyrc_hb/hb_task1b_ws) by extensions ['colcon_pkg']
[1.958s] Level 1:colcon.colcon_core.package_identification:_identify(/home/mohit/eyrc_hb/hb_task1b_ws) by extension 'colcon_pkg'
[1.958s] Level 1:colcon.colcon_core.package_identification:_identify(/home/mohit/eyrc_hb/hb_task1b_ws) by extensions ['colcon_meta']
[1.958s] Level 1:colcon.colcon_core.package_identification:_identify(/home/mohit/eyrc_hb/hb_task1b_ws) by extension 'colcon_meta'
[1.958s] Level 1:colcon.colcon_core.package_identification:_identify(/home/mohit/eyrc_hb/hb_task1b_ws) by extensions ['ros']
[1.959s] Level 1:colcon.colcon_core.package_identification:_identify(/home/mohit/eyrc_hb/hb_task1b_ws) by extension 'ros'
[1.959s] Level 1:colcon.colcon_core.package_identification:_identify(/home/mohit/eyrc_hb/hb_task1b_ws) by extensions ['cmake', 'python']
[1.959s] Level 1:colcon.colcon_core.package_identification:_identify(/home/mohit/eyrc_hb/hb_task1b_ws) by extension 'cmake'
[1.959s] Level 1:colcon.colcon_core.package_identification:_identify(/home/mohit/eyrc_hb/hb_task1b_ws) by extension 'python'
[1.959s] Level 1:colcon.colcon_core.package_identification:_identify(/home/mohit/eyrc_hb/hb_task1b_ws) by extensions ['python_setup_py']
[1.959s] Level 1:colcon.colcon_core.package_identification:_identify(/home/mohit/eyrc_hb/hb_task1b_ws) by extension 'python_setup_py'
[1.959s] Level 1:colcon.colcon_core.package_identification:_identify(/home/mohit/eyrc_hb/hb_task1b_ws/build) by extensions ['ignore', 'ignore_ament_install']
[1.960s] Level 1:colcon.colcon_core.package_identification:_identify(/home/mohit/eyrc_hb/hb_task1b_ws/build) by extension 'ignore'
[1.960s] Level 1:colcon.colcon_core.package_identification:_identify(/home/mohit/eyrc_hb/hb_task1b_ws/build) ignored
[1.960s] Level 1:colcon.colcon_core.package_identification:_identify(/home/mohit/eyrc_hb/hb_task1b_ws/install) by extensions ['ignore', 'ignore_ament_install']
[1.960s] Level 1:colcon.colcon_core.package_identification:_identify(/home/mohit/eyrc_hb/hb_task1b_ws/install) by extension 'ignore'
[1.960s] Level 1:colcon.colcon_core.package_identification:_identify(/home/mohit/eyrc_hb/hb_task1b_ws/install) ignored
[1.961s] Level 1:colcon.colcon_core.package_identification:_identify(/home/mohit/eyrc_hb/hb_task1b_ws/log) by extensions ['ignore', 'ignore_ament_install']
[1.961s] Level 1:colcon.colcon_core.package_identification:_identify(/home/mohit/eyrc_hb/hb_task1b_ws/log) by extension 'ignore'
[1.961s] Level 1:colcon.colcon_core.package_identification:_identify(/home/mohit/eyrc_hb/hb_task1b_ws/log) ignored
[1.961s] Level 1:colcon.colcon_core.package_identification:_identify(/home/mohit/eyrc_hb/hb_task1b_ws/src) by extensions ['ignore', 'ignore_ament_install']
[1.961s] Level 1:colcon.colcon_core.package_identification:_identify(/home/mohit/eyrc_hb/hb_task1b_ws/src) by extension 'ignore'
[1.962s] Level 1:colcon.colcon_core.package_identification:_identify(/home/mohit/eyrc_hb/hb_task1b_ws/src) by extension 'ignore_ament_install'
[1.962s] Level 1:colcon.colcon_core.package_identification:_identify(/home/mohit/eyrc_hb/hb_task1b_ws/src) by extensions ['colcon_pkg']
[1.962s] Level 1:colcon.colcon_core.package_identification:_identify(/home/mohit/eyrc_hb/hb_task1b_ws/src) by extension 'colcon_pkg'
[1.962s] Level 1:colcon.colcon_core.package_identification:_identify(/home/mohit/eyrc_hb/hb_task1b_ws/src) by extensions ['colcon_meta']
[1.962s] Level 1:colcon.colcon_core.package_identification:_identify(/home/mohit/eyrc_hb/hb_task1b_ws/src) by extension 'colcon_meta'
[1.962s] Level 1:colcon.colcon_core.package_identification:_identify(/home/mohit/eyrc_hb/hb_task1b_ws/src) by extensions ['ros']
[1.962s] Level 1:colcon.colcon_core.package_identification:_identify(/home/mohit/eyrc_hb/hb_task1b_ws/src) by extension 'ros'
[1.962s] Level 1:colcon.colcon_core.package_identification:_identify(/home/mohit/eyrc_hb/hb_task1b_ws/src) by extensions ['cmake', 'python']
[1.962s] Level 1:colcon.colcon_core.package_identification:_identify(/home/mohit/eyrc_hb/hb_task1b_ws/src) by extension 'cmake'
[1.962s] Level 1:colcon.colcon_core.package_identification:_identify(/home/mohit/eyrc_hb/hb_task1b_ws/src) by extension 'python'
[1.962s] Level 1:colcon.colcon_core.package_identification:_identify(/home/mohit/eyrc_hb/hb_task1b_ws/src) by extensions ['python_setup_py']
[1.962s] Level 1:colcon.colcon_core.package_identification:_identify(/home/mohit/eyrc_hb/hb_task1b_ws/src) by extension 'python_setup_py'
[1.963s] Level 1:colcon.colcon_core.package_identification:_identify(/home/mohit/eyrc_hb/hb_task1b_ws/src/hb_task_1b) by extensions ['ignore', 'ignore_ament_install']
[1.963s] Level 1:colcon.colcon_core.package_identification:_identify(/home/mohit/eyrc_hb/hb_task1b_ws/src/hb_task_1b) by extension 'ignore'
[1.963s] Level 1:colcon.colcon_core.package_identification:_identify(/home/mohit/eyrc_hb/hb_task1b_ws/src/hb_task_1b) by extension 'ignore_ament_install'
[1.963s] Level 1:colcon.colcon_core.package_identification:_identify(/home/mohit/eyrc_hb/hb_task1b_ws/src/hb_task_1b) by extensions ['colcon_pkg']
[1.963s] Level 1:colcon.colcon_core.package_identification:_identify(/home/mohit/eyrc_hb/hb_task1b_ws/src/hb_task_1b) by extension 'colcon_pkg'
[1.963s] Level 1:colcon.colcon_core.package_identification:_identify(/home/mohit/eyrc_hb/hb_task1b_ws/src/hb_task_1b) by extensions ['colcon_meta']
[1.963s] Level 1:colcon.colcon_core.package_identification:_identify(/home/mohit/eyrc_hb/hb_task1b_ws/src/hb_task_1b) by extension 'colcon_meta'
[1.963s] Level 1:colcon.colcon_core.package_identification:_identify(/home/mohit/eyrc_hb/hb_task1b_ws/src/hb_task_1b) by extensions ['ros']
[1.964s] Level 1:colcon.colcon_core.package_identification:_identify(/home/mohit/eyrc_hb/hb_task1b_ws/src/hb_task_1b) by extension 'ros'
[2.018s] DEBUG:colcon.colcon_core.package_identification:Package '/home/mohit/eyrc_hb/hb_task1b_ws/src/hb_task_1b' with type 'ros.ament_python' and name 'hb_task_1b'
[2.018s] Level 1:colcon.colcon_core.package_identification:_identify(/home/mohit/eyrc_hb/hb_task1b_ws/src/my_robot_interfaces) by extensions ['ignore', 'ignore_ament_install']
[2.018s] Level 1:colcon.colcon_core.package_identification:_identify(/home/mohit/eyrc_hb/hb_task1b_ws/src/my_robot_interfaces) by extension 'ignore'
[2.018s] Level 1:colcon.colcon_core.package_identification:_identify(/home/mohit/eyrc_hb/hb_task1b_ws/src/my_robot_interfaces) by extension 'ignore_ament_install'
[2.019s] Level 1:colcon.colcon_core.package_identification:_identify(/home/mohit/eyrc_hb/hb_task1b_ws/src/my_robot_interfaces) by extensions ['colcon_pkg']
[2.019s] Level 1:colcon.colcon_core.package_identification:_identify(/home/mohit/eyrc_hb/hb_task1b_ws/src/my_robot_interfaces) by extension 'colcon_pkg'
[2.019s] Level 1:colcon.colcon_core.package_identification:_identify(/home/mohit/eyrc_hb/hb_task1b_ws/src/my_robot_interfaces) by extensions ['colcon_meta']
[2.019s] Level 1:colcon.colcon_core.package_identification:_identify(/home/mohit/eyrc_hb/hb_task1b_ws/src/my_robot_interfaces) by extension 'colcon_meta'
[2.019s] Level 1:colcon.colcon_core.package_identification:_identify(/home/mohit/eyrc_hb/hb_task1b_ws/src/my_robot_interfaces) by extensions ['ros']
[2.019s] Level 1:colcon.colcon_core.package_identification:_identify(/home/mohit/eyrc_hb/hb_task1b_ws/src/my_robot_interfaces) by extension 'ros'
[2.035s] DEBUG:colcon.colcon_core.package_identification:Package '/home/mohit/eyrc_hb/hb_task1b_ws/src/my_robot_interfaces' with type 'ros.ament_cmake' and name 'my_robot_interfaces'
[2.035s] Level 1:colcon.colcon_core.package_identification:_identify(/home/mohit/eyrc_hb/hb_task_2_ws) by extensions ['ignore', 'ignore_ament_install']
[2.035s] Level 1:colcon.colcon_core.package_identification:_identify(/home/mohit/eyrc_hb/hb_task_2_ws) by extension 'ignore'
[2.035s] Level 1:colcon.colcon_core.package_identification:_identify(/home/mohit/eyrc_hb/hb_task_2_ws) by extension 'ignore_ament_install'
[2.035s] Level 1:colcon.colcon_core.package_identification:_identify(/home/mohit/eyrc_hb/hb_task_2_ws) by extensions ['colcon_pkg']
[2.035s] Level 1:colcon.colcon_core.package_identification:_identify(/home/mohit/eyrc_hb/hb_task_2_ws) by extension 'colcon_pkg'
[2.035s] Level 1:colcon.colcon_core.package_identification:_identify(/home/mohit/eyrc_hb/hb_task_2_ws) by extensions ['colcon_meta']
[2.035s] Level 1:colcon.colcon_core.package_identification:_identify(/home/mohit/eyrc_hb/hb_task_2_ws) by extension 'colcon_meta'
[2.035s] Level 1:colcon.colcon_core.package_identification:_identify(/home/mohit/eyrc_hb/hb_task_2_ws) by extensions ['ros']
[2.035s] Level 1:colcon.colcon_core.package_identification:_identify(/home/mohit/eyrc_hb/hb_task_2_ws) by extension 'ros'
[2.035s] Level 1:colcon.colcon_core.package_identification:_identify(/home/mohit/eyrc_hb/hb_task_2_ws) by extensions ['cmake', 'python']
[2.035s] Level 1:colcon.colcon_core.package_identification:_identify(/home/mohit/eyrc_hb/hb_task_2_ws) by extension 'cmake'
[2.035s] Level 1:colcon.colcon_core.package_identification:_identify(/home/mohit/eyrc_hb/hb_task_2_ws) by extension 'python'
[2.035s] Level 1:colcon.colcon_core.package_identification:_identify(/home/mohit/eyrc_hb/hb_task_2_ws) by extensions ['python_setup_py']
[2.035s] Level 1:colcon.colcon_core.package_identification:_identify(/home/mohit/eyrc_hb/hb_task_2_ws) by extension 'python_setup_py'
[2.035s] Level 1:colcon.colcon_core.package_identification:_identify(/home/mohit/eyrc_hb/hb_task_2_ws/build) by extensions ['ignore', 'ignore_ament_install']
[2.036s] Level 1:colcon.colcon_core.package_identification:_identify(/home/mohit/eyrc_hb/hb_task_2_ws/build) by extension 'ignore'
[2.036s] Level 1:colcon.colcon_core.package_identification:_identify(/home/mohit/eyrc_hb/hb_task_2_ws/build) ignored
[2.036s] Level 1:colcon.colcon_core.package_identification:_identify(/home/mohit/eyrc_hb/hb_task_2_ws/install) by extensions ['ignore', 'ignore_ament_install']
[2.036s] Level 1:colcon.colcon_core.package_identification:_identify(/home/mohit/eyrc_hb/hb_task_2_ws/install) by extension 'ignore'
[2.036s] Level 1:colcon.colcon_core.package_identification:_identify(/home/mohit/eyrc_hb/hb_task_2_ws/install) ignored
[2.036s] Level 1:colcon.colcon_core.package_identification:_identify(/home/mohit/eyrc_hb/hb_task_2_ws/log) by extensions ['ignore', 'ignore_ament_install']
[2.037s] Level 1:colcon.colcon_core.package_identification:_identify(/home/mohit/eyrc_hb/hb_task_2_ws/log) by extension 'ignore'
[2.037s] Level 1:colcon.colcon_core.package_identification:_identify(/home/mohit/eyrc_hb/hb_task_2_ws/log) ignored
[2.037s] Level 1:colcon.colcon_core.package_identification:_identify(/home/mohit/eyrc_hb/hb_task_2_ws/src) by extensions ['ignore', 'ignore_ament_install']
[2.037s] Level 1:colcon.colcon_core.package_identification:_identify(/home/mohit/eyrc_hb/hb_task_2_ws/src) by extension 'ignore'
[2.037s] Level 1:colcon.colcon_core.package_identification:_identify(/home/mohit/eyrc_hb/hb_task_2_ws/src) by extension 'ignore_ament_install'
[2.037s] Level 1:colcon.colcon_core.package_identification:_identify(/home/mohit/eyrc_hb/hb_task_2_ws/src) by extensions ['colcon_pkg']
[2.037s] Level 1:colcon.colcon_core.package_identification:_identify(/home/mohit/eyrc_hb/hb_task_2_ws/src) by extension 'colcon_pkg'
[2.037s] Level 1:colcon.colcon_core.package_identification:_identify(/home/mohit/eyrc_hb/hb_task_2_ws/src) by extensions ['colcon_meta']
[2.037s] Level 1:colcon.colcon_core.package_identification:_identify(/home/mohit/eyrc_hb/hb_task_2_ws/src) by extension 'colcon_meta'
[2.037s] Level 1:colcon.colcon_core.package_identification:_identify(/home/mohit/eyrc_hb/hb_task_2_ws/src) by extensions ['ros']
[2.037s] Level 1:colcon.colcon_core.package_identification:_identify(/home/mohit/eyrc_hb/hb_task_2_ws/src) by extension 'ros'
[2.037s] Level 1:colcon.colcon_core.package_identification:_identify(/home/mohit/eyrc_hb/hb_task_2_ws/src) by extensions ['cmake', 'python']
[2.037s] Level 1:colcon.colcon_core.package_identification:_identify(/home/mohit/eyrc_hb/hb_task_2_ws/src) by extension 'cmake'
[2.037s] Level 1:colcon.colcon_core.package_identification:_identify(/home/mohit/eyrc_hb/hb_task_2_ws/src) by extension 'python'
[2.037s] Level 1:colcon.colcon_core.package_identification:_identify(/home/mohit/eyrc_hb/hb_task_2_ws/src) by extensions ['python_setup_py']
[2.037s] Level 1:colcon.colcon_core.package_identification:_identify(/home/mohit/eyrc_hb/hb_task_2_ws/src) by extension 'python_setup_py'
[2.038s] Level 1:colcon.colcon_core.package_identification:_identify(/home/mohit/eyrc_hb/hb_task_2_ws/src/eYRC-2023_Hologlyph_Bots) by extensions ['ignore', 'ignore_ament_install']
[2.038s] Level 1:colcon.colcon_core.package_identification:_identify(/home/mohit/eyrc_hb/hb_task_2_ws/src/eYRC-2023_Hologlyph_Bots) by extension 'ignore'
[2.038s] Level 1:colcon.colcon_core.package_identification:_identify(/home/mohit/eyrc_hb/hb_task_2_ws/src/eYRC-2023_Hologlyph_Bots) by extension 'ignore_ament_install'
[2.038s] Level 1:colcon.colcon_core.package_identification:_identify(/home/mohit/eyrc_hb/hb_task_2_ws/src/eYRC-2023_Hologlyph_Bots) by extensions ['colcon_pkg']
[2.038s] Level 1:colcon.colcon_core.package_identification:_identify(/home/mohit/eyrc_hb/hb_task_2_ws/src/eYRC-2023_Hologlyph_Bots) by extension 'colcon_pkg'
[2.038s] Level 1:colcon.colcon_core.package_identification:_identify(/home/mohit/eyrc_hb/hb_task_2_ws/src/eYRC-2023_Hologlyph_Bots) by extensions ['colcon_meta']
[2.038s] Level 1:colcon.colcon_core.package_identification:_identify(/home/mohit/eyrc_hb/hb_task_2_ws/src/eYRC-2023_Hologlyph_Bots) by extension 'colcon_meta'
[2.038s] Level 1:colcon.colcon_core.package_identification:_identify(/home/mohit/eyrc_hb/hb_task_2_ws/src/eYRC-2023_Hologlyph_Bots) by extensions ['ros']
[2.038s] Level 1:colcon.colcon_core.package_identification:_identify(/home/mohit/eyrc_hb/hb_task_2_ws/src/eYRC-2023_Hologlyph_Bots) by extension 'ros'
[2.038s] Level 1:colcon.colcon_core.package_identification:_identify(/home/mohit/eyrc_hb/hb_task_2_ws/src/eYRC-2023_Hologlyph_Bots) by extensions ['cmake', 'python']
[2.038s] Level 1:colcon.colcon_core.package_identification:_identify(/home/mohit/eyrc_hb/hb_task_2_ws/src/eYRC-2023_Hologlyph_Bots) by extension 'cmake'
[2.038s] Level 1:colcon.colcon_core.package_identification:_identify(/home/mohit/eyrc_hb/hb_task_2_ws/src/eYRC-2023_Hologlyph_Bots) by extension 'python'
[2.038s] Level 1:colcon.colcon_core.package_identification:_identify(/home/mohit/eyrc_hb/hb_task_2_ws/src/eYRC-2023_Hologlyph_Bots) by extensions ['python_setup_py']
[2.038s] Level 1:colcon.colcon_core.package_identification:_identify(/home/mohit/eyrc_hb/hb_task_2_ws/src/eYRC-2023_Hologlyph_Bots) by extension 'python_setup_py'
[2.039s] Level 1:colcon.colcon_core.package_identification:_identify(/home/mohit/eyrc_hb/hb_task_2_ws/src/eYRC-2023_Hologlyph_Bots/hb_bot) by extensions ['ignore', 'ignore_ament_install']
[2.039s] Level 1:colcon.colcon_core.package_identification:_identify(/home/mohit/eyrc_hb/hb_task_2_ws/src/eYRC-2023_Hologlyph_Bots/hb_bot) by extension 'ignore'
[2.039s] Level 1:colcon.colcon_core.package_identification:_identify(/home/mohit/eyrc_hb/hb_task_2_ws/src/eYRC-2023_Hologlyph_Bots/hb_bot) by extension 'ignore_ament_install'
[2.039s] Level 1:colcon.colcon_core.package_identification:_identify(/home/mohit/eyrc_hb/hb_task_2_ws/src/eYRC-2023_Hologlyph_Bots/hb_bot) by extensions ['colcon_pkg']
[2.039s] Level 1:colcon.colcon_core.package_identification:_identify(/home/mohit/eyrc_hb/hb_task_2_ws/src/eYRC-2023_Hologlyph_Bots/hb_bot) by extension 'colcon_pkg'
[2.039s] Level 1:colcon.colcon_core.package_identification:_identify(/home/mohit/eyrc_hb/hb_task_2_ws/src/eYRC-2023_Hologlyph_Bots/hb_bot) by extensions ['colcon_meta']
[2.039s] Level 1:colcon.colcon_core.package_identification:_identify(/home/mohit/eyrc_hb/hb_task_2_ws/src/eYRC-2023_Hologlyph_Bots/hb_bot) by extension 'colcon_meta'
[2.039s] Level 1:colcon.colcon_core.package_identification:_identify(/home/mohit/eyrc_hb/hb_task_2_ws/src/eYRC-2023_Hologlyph_Bots/hb_bot) by extensions ['ros']
[2.039s] Level 1:colcon.colcon_core.package_identification:_identify(/home/mohit/eyrc_hb/hb_task_2_ws/src/eYRC-2023_Hologlyph_Bots/hb_bot) by extension 'ros'
[2.087s] DEBUG:colcon.colcon_core.package_identification:Package '/home/mohit/eyrc_hb/hb_task_2_ws/src/eYRC-2023_Hologlyph_Bots/hb_bot' with type 'ros.ament_cmake' and name 'hb_bot'
[2.087s] Level 1:colcon.colcon_core.package_identification:_identify(/home/mohit/eyrc_hb/hb_task_2_ws/src/eYRC-2023_Hologlyph_Bots/hb_task2a) by extensions ['ignore', 'ignore_ament_install']
[2.087s] Level 1:colcon.colcon_core.package_identification:_identify(/home/mohit/eyrc_hb/hb_task_2_ws/src/eYRC-2023_Hologlyph_Bots/hb_task2a) by extension 'ignore'
[2.087s] Level 1:colcon.colcon_core.package_identification:_identify(/home/mohit/eyrc_hb/hb_task_2_ws/src/eYRC-2023_Hologlyph_Bots/hb_task2a) by extension 'ignore_ament_install'
[2.087s] Level 1:colcon.colcon_core.package_identification:_identify(/home/mohit/eyrc_hb/hb_task_2_ws/src/eYRC-2023_Hologlyph_Bots/hb_task2a) by extensions ['colcon_pkg']
[2.087s] Level 1:colcon.colcon_core.package_identification:_identify(/home/mohit/eyrc_hb/hb_task_2_ws/src/eYRC-2023_Hologlyph_Bots/hb_task2a) by extension 'colcon_pkg'
[2.087s] Level 1:colcon.colcon_core.package_identification:_identify(/home/mohit/eyrc_hb/hb_task_2_ws/src/eYRC-2023_Hologlyph_Bots/hb_task2a) by extensions ['colcon_meta']
[2.087s] Level 1:colcon.colcon_core.package_identification:_identify(/home/mohit/eyrc_hb/hb_task_2_ws/src/eYRC-2023_Hologlyph_Bots/hb_task2a) by extension 'colcon_meta'
[2.088s] Level 1:colcon.colcon_core.package_identification:_identify(/home/mohit/eyrc_hb/hb_task_2_ws/src/eYRC-2023_Hologlyph_Bots/hb_task2a) by extensions ['ros']
[2.088s] Level 1:colcon.colcon_core.package_identification:_identify(/home/mohit/eyrc_hb/hb_task_2_ws/src/eYRC-2023_Hologlyph_Bots/hb_task2a) by extension 'ros'
[2.100s] DEBUG:colcon.colcon_core.package_identification:Package '/home/mohit/eyrc_hb/hb_task_2_ws/src/eYRC-2023_Hologlyph_Bots/hb_task2a' with type 'ros.ament_python' and name 'hb_task2a'
[2.100s] Level 1:colcon.colcon_core.package_identification:_identify(/home/mohit/eyrc_hb/hb_task_2_ws/src/eYRC-2023_Hologlyph_Bots/hb_task2b) by extensions ['ignore', 'ignore_ament_install']
[2.100s] Level 1:colcon.colcon_core.package_identification:_identify(/home/mohit/eyrc_hb/hb_task_2_ws/src/eYRC-2023_Hologlyph_Bots/hb_task2b) by extension 'ignore'
[2.100s] Level 1:colcon.colcon_core.package_identification:_identify(/home/mohit/eyrc_hb/hb_task_2_ws/src/eYRC-2023_Hologlyph_Bots/hb_task2b) by extension 'ignore_ament_install'
[2.100s] Level 1:colcon.colcon_core.package_identification:_identify(/home/mohit/eyrc_hb/hb_task_2_ws/src/eYRC-2023_Hologlyph_Bots/hb_task2b) by extensions ['colcon_pkg']
[2.100s] Level 1:colcon.colcon_core.package_identification:_identify(/home/mohit/eyrc_hb/hb_task_2_ws/src/eYRC-2023_Hologlyph_Bots/hb_task2b) by extension 'colcon_pkg'
[2.101s] Level 1:colcon.colcon_core.package_identification:_identify(/home/mohit/eyrc_hb/hb_task_2_ws/src/eYRC-2023_Hologlyph_Bots/hb_task2b) by extensions ['colcon_meta']
[2.101s] Level 1:colcon.colcon_core.package_identification:_identify(/home/mohit/eyrc_hb/hb_task_2_ws/src/eYRC-2023_Hologlyph_Bots/hb_task2b) by extension 'colcon_meta'
[2.101s] Level 1:colcon.colcon_core.package_identification:_identify(/home/mohit/eyrc_hb/hb_task_2_ws/src/eYRC-2023_Hologlyph_Bots/hb_task2b) by extensions ['ros']
[2.101s] Level 1:colcon.colcon_core.package_identification:_identify(/home/mohit/eyrc_hb/hb_task_2_ws/src/eYRC-2023_Hologlyph_Bots/hb_task2b) by extension 'ros'
[2.135s] DEBUG:colcon.colcon_core.package_identification:Package '/home/mohit/eyrc_hb/hb_task_2_ws/src/eYRC-2023_Hologlyph_Bots/hb_task2b' with type 'ros.ament_python' and name 'hb_task2b'
[2.135s] Level 1:colcon.colcon_core.package_identification:_identify(/home/mohit/eyrc_hb/hb_task_2_ws/src/eYRC-2023_Hologlyph_Bots/hb_world) by extensions ['ignore', 'ignore_ament_install']
[2.135s] Level 1:colcon.colcon_core.package_identification:_identify(/home/mohit/eyrc_hb/hb_task_2_ws/src/eYRC-2023_Hologlyph_Bots/hb_world) by extension 'ignore'
[2.135s] Level 1:colcon.colcon_core.package_identification:_identify(/home/mohit/eyrc_hb/hb_task_2_ws/src/eYRC-2023_Hologlyph_Bots/hb_world) by extension 'ignore_ament_install'
[2.136s] Level 1:colcon.colcon_core.package_identification:_identify(/home/mohit/eyrc_hb/hb_task_2_ws/src/eYRC-2023_Hologlyph_Bots/hb_world) by extensions ['colcon_pkg']
[2.136s] Level 1:colcon.colcon_core.package_identification:_identify(/home/mohit/eyrc_hb/hb_task_2_ws/src/eYRC-2023_Hologlyph_Bots/hb_world) by extension 'colcon_pkg'
[2.136s] Level 1:colcon.colcon_core.package_identification:_identify(/home/mohit/eyrc_hb/hb_task_2_ws/src/eYRC-2023_Hologlyph_Bots/hb_world) by extensions ['colcon_meta']
[2.136s] Level 1:colcon.colcon_core.package_identification:_identify(/home/mohit/eyrc_hb/hb_task_2_ws/src/eYRC-2023_Hologlyph_Bots/hb_world) by extension 'colcon_meta'
[2.136s] Level 1:colcon.colcon_core.package_identification:_identify(/home/mohit/eyrc_hb/hb_task_2_ws/src/eYRC-2023_Hologlyph_Bots/hb_world) by extensions ['ros']
[2.136s] Level 1:colcon.colcon_core.package_identification:_identify(/home/mohit/eyrc_hb/hb_task_2_ws/src/eYRC-2023_Hologlyph_Bots/hb_world) by extension 'ros'
[2.148s] DEBUG:colcon.colcon_core.package_identification:Package '/home/mohit/eyrc_hb/hb_task_2_ws/src/eYRC-2023_Hologlyph_Bots/hb_world' with type 'ros.ament_cmake' and name 'hb_world'
[2.148s] Level 1:colcon.colcon_core.package_identification:_identify(/home/mohit/eyrc_hb/hb_task_2_ws/src/eYRC-2023_Hologlyph_Bots/my_robot_interfaces) by extensions ['ignore', 'ignore_ament_install']
[2.148s] Level 1:colcon.colcon_core.package_identification:_identify(/home/mohit/eyrc_hb/hb_task_2_ws/src/eYRC-2023_Hologlyph_Bots/my_robot_interfaces) by extension 'ignore'
[2.148s] Level 1:colcon.colcon_core.package_identification:_identify(/home/mohit/eyrc_hb/hb_task_2_ws/src/eYRC-2023_Hologlyph_Bots/my_robot_interfaces) by extension 'ignore_ament_install'
[2.149s] Level 1:colcon.colcon_core.package_identification:_identify(/home/mohit/eyrc_hb/hb_task_2_ws/src/eYRC-2023_Hologlyph_Bots/my_robot_interfaces) by extensions ['colcon_pkg']
[2.149s] Level 1:colcon.colcon_core.package_identification:_identify(/home/mohit/eyrc_hb/hb_task_2_ws/src/eYRC-2023_Hologlyph_Bots/my_robot_interfaces) by extension 'colcon_pkg'
[2.149s] Level 1:colcon.colcon_core.package_identification:_identify(/home/mohit/eyrc_hb/hb_task_2_ws/src/eYRC-2023_Hologlyph_Bots/my_robot_interfaces) by extensions ['colcon_meta']
[2.149s] Level 1:colcon.colcon_core.package_identification:_identify(/home/mohit/eyrc_hb/hb_task_2_ws/src/eYRC-2023_Hologlyph_Bots/my_robot_interfaces) by extension 'colcon_meta'
[2.149s] Level 1:colcon.colcon_core.package_identification:_identify(/home/mohit/eyrc_hb/hb_task_2_ws/src/eYRC-2023_Hologlyph_Bots/my_robot_interfaces) by extensions ['ros']
[2.149s] Level 1:colcon.colcon_core.package_identification:_identify(/home/mohit/eyrc_hb/hb_task_2_ws/src/eYRC-2023_Hologlyph_Bots/my_robot_interfaces) by extension 'ros'
[2.152s] DEBUG:colcon.colcon_core.package_identification:Package '/home/mohit/eyrc_hb/hb_task_2_ws/src/eYRC-2023_Hologlyph_Bots/my_robot_interfaces' with type 'ros.ament_cmake' and name 'my_robot_interfaces'
[2.152s] Level 1:colcon.colcon_core.package_identification:_identify(/home/mohit/eyrc_hb/log) by extensions ['ignore', 'ignore_ament_install']
[2.152s] Level 1:colcon.colcon_core.package_identification:_identify(/home/mohit/eyrc_hb/log) by extension 'ignore'
[2.153s] Level 1:colcon.colcon_core.package_identification:_identify(/home/mohit/eyrc_hb/log) ignored
[2.153s] Level 1:colcon.colcon_core.package_discovery:discover_packages(recursive) using defaults
